[2025-08-15 05:12:57] production.ERROR: The C:\Users\SamuelMachadoCardoso\OneDrive - DUAPI SISTEMAS\Documentos\CRM\laravel-crm-2.1\laravel-crm-2.1\bootstrap\cache directory must be present and writable. {"exception":"[object] (Exception(code: 0): The C:\\Users\\SamuelMachadoCardoso\\OneDrive - DUAPI SISTEMAS\\Documentos\\CRM\\laravel-crm-2.1\\laravel-crm-2.1\\bootstrap\\cache directory must be present and writable. at C:\\Users\\SamuelMachadoCardoso\\OneDrive - DUAPI SISTEMAS\\Documentos\\CRM\\laravel-crm-2.1\\laravel-crm-2.1\\vendor\\laravel\\framework\\src\\Illuminate\\Foundation\\PackageManifest.php:178)
[stacktrace]
#0 C:\\Users\\SamuelMachadoCardoso\\OneDrive - DUAPI SISTEMAS\\Documentos\\CRM\\laravel-crm-2.1\\laravel-crm-2.1\\vendor\\laravel\\framework\\src\\Illuminate\\Foundation\\PackageManifest.php(131): Illuminate\\Foundation\\PackageManifest->write(Array)
#1 C:\\Users\\SamuelMachadoCardoso\\OneDrive - DUAPI SISTEMAS\\Documentos\\CRM\\laravel-crm-2.1\\laravel-crm-2.1\\vendor\\laravel\\framework\\src\\Illuminate\\Foundation\\PackageManifest.php(107): Illuminate\\Foundation\\PackageManifest->build()
#2 C:\\Users\\SamuelMachadoCardoso\\OneDrive - DUAPI SISTEMAS\\Documentos\\CRM\\laravel-crm-2.1\\laravel-crm-2.1\\vendor\\laravel\\framework\\src\\Illuminate\\Foundation\\PackageManifest.php(90): Illuminate\\Foundation\\PackageManifest->getManifest()
#3 C:\\Users\\SamuelMachadoCardoso\\OneDrive - DUAPI SISTEMAS\\Documentos\\CRM\\laravel-crm-2.1\\laravel-crm-2.1\\vendor\\laravel\\framework\\src\\Illuminate\\Foundation\\PackageManifest.php(79): Illuminate\\Foundation\\PackageManifest->config('aliases')
#4 C:\\Users\\SamuelMachadoCardoso\\OneDrive - DUAPI SISTEMAS\\Documentos\\CRM\\laravel-crm-2.1\\laravel-crm-2.1\\vendor\\laravel\\framework\\src\\Illuminate\\Foundation\\Bootstrap\\RegisterFacades.php(26): Illuminate\\Foundation\\PackageManifest->aliases()
#5 C:\\Users\\SamuelMachadoCardoso\\OneDrive - DUAPI SISTEMAS\\Documentos\\CRM\\laravel-crm-2.1\\laravel-crm-2.1\\vendor\\laravel\\framework\\src\\Illuminate\\Foundation\\Application.php(286): Illuminate\\Foundation\\Bootstrap\\RegisterFacades->bootstrap(Object(Illuminate\\Foundation\\Application))
#6 C:\\Users\\SamuelMachadoCardoso\\OneDrive - DUAPI SISTEMAS\\Documentos\\CRM\\laravel-crm-2.1\\laravel-crm-2.1\\vendor\\laravel\\framework\\src\\Illuminate\\Foundation\\Console\\Kernel.php(447): Illuminate\\Foundation\\Application->bootstrapWith(Array)
#7 C:\\Users\\SamuelMachadoCardoso\\OneDrive - DUAPI SISTEMAS\\Documentos\\CRM\\laravel-crm-2.1\\laravel-crm-2.1\\vendor\\laravel\\framework\\src\\Illuminate\\Foundation\\Console\\Kernel.php(199): Illuminate\\Foundation\\Console\\Kernel->bootstrap()
#8 C:\\Users\\SamuelMachadoCardoso\\OneDrive - DUAPI SISTEMAS\\Documentos\\CRM\\laravel-crm-2.1\\laravel-crm-2.1\\artisan(35): Illuminate\\Foundation\\Console\\Kernel->handle(Object(Symfony\\Component\\Console\\Input\\ArgvInput), Object(Symfony\\Component\\Console\\Output\\ConsoleOutput))
#9 {main}
"} 
[2025-08-15 05:16:44] production.ERROR: The C:\Users\SamuelMachadoCardoso\OneDrive - DUAPI SISTEMAS\Documentos\CRM\laravel-crm-2.1\laravel-crm-2.1\bootstrap\cache directory must be present and writable. {"exception":"[object] (Exception(code: 0): The C:\\Users\\SamuelMachadoCardoso\\OneDrive - DUAPI SISTEMAS\\Documentos\\CRM\\laravel-crm-2.1\\laravel-crm-2.1\\bootstrap\\cache directory must be present and writable. at C:\\Users\\SamuelMachadoCardoso\\OneDrive - DUAPI SISTEMAS\\Documentos\\CRM\\laravel-crm-2.1\\laravel-crm-2.1\\vendor\\laravel\\framework\\src\\Illuminate\\Foundation\\PackageManifest.php:178)
[stacktrace]
#0 C:\\Users\\SamuelMachadoCardoso\\OneDrive - DUAPI SISTEMAS\\Documentos\\CRM\\laravel-crm-2.1\\laravel-crm-2.1\\vendor\\laravel\\framework\\src\\Illuminate\\Foundation\\PackageManifest.php(131): Illuminate\\Foundation\\PackageManifest->write(Array)
#1 C:\\Users\\SamuelMachadoCardoso\\OneDrive - DUAPI SISTEMAS\\Documentos\\CRM\\laravel-crm-2.1\\laravel-crm-2.1\\vendor\\laravel\\framework\\src\\Illuminate\\Foundation\\PackageManifest.php(107): Illuminate\\Foundation\\PackageManifest->build()
#2 C:\\Users\\SamuelMachadoCardoso\\OneDrive - DUAPI SISTEMAS\\Documentos\\CRM\\laravel-crm-2.1\\laravel-crm-2.1\\vendor\\laravel\\framework\\src\\Illuminate\\Foundation\\PackageManifest.php(90): Illuminate\\Foundation\\PackageManifest->getManifest()
#3 C:\\Users\\SamuelMachadoCardoso\\OneDrive - DUAPI SISTEMAS\\Documentos\\CRM\\laravel-crm-2.1\\laravel-crm-2.1\\vendor\\laravel\\framework\\src\\Illuminate\\Foundation\\PackageManifest.php(79): Illuminate\\Foundation\\PackageManifest->config('aliases')
#4 C:\\Users\\SamuelMachadoCardoso\\OneDrive - DUAPI SISTEMAS\\Documentos\\CRM\\laravel-crm-2.1\\laravel-crm-2.1\\vendor\\laravel\\framework\\src\\Illuminate\\Foundation\\Bootstrap\\RegisterFacades.php(26): Illuminate\\Foundation\\PackageManifest->aliases()
#5 C:\\Users\\SamuelMachadoCardoso\\OneDrive - DUAPI SISTEMAS\\Documentos\\CRM\\laravel-crm-2.1\\laravel-crm-2.1\\vendor\\laravel\\framework\\src\\Illuminate\\Foundation\\Application.php(286): Illuminate\\Foundation\\Bootstrap\\RegisterFacades->bootstrap(Object(Illuminate\\Foundation\\Application))
#6 C:\\Users\\SamuelMachadoCardoso\\OneDrive - DUAPI SISTEMAS\\Documentos\\CRM\\laravel-crm-2.1\\laravel-crm-2.1\\vendor\\laravel\\framework\\src\\Illuminate\\Foundation\\Console\\Kernel.php(447): Illuminate\\Foundation\\Application->bootstrapWith(Array)
#7 C:\\Users\\SamuelMachadoCardoso\\OneDrive - DUAPI SISTEMAS\\Documentos\\CRM\\laravel-crm-2.1\\laravel-crm-2.1\\vendor\\laravel\\framework\\src\\Illuminate\\Foundation\\Console\\Kernel.php(199): Illuminate\\Foundation\\Console\\Kernel->bootstrap()
#8 C:\\Users\\SamuelMachadoCardoso\\OneDrive - DUAPI SISTEMAS\\Documentos\\CRM\\laravel-crm-2.1\\laravel-crm-2.1\\artisan(35): Illuminate\\Foundation\\Console\\Kernel->handle(Object(Symfony\\Component\\Console\\Input\\ArgvInput), Object(Symfony\\Component\\Console\\Output\\ConsoleOutput))
#9 {main}
"} 
[2025-08-15 05:17:55] local.ERROR: The C:\Users\SamuelMachadoCardoso\OneDrive - DUAPI SISTEMAS\Documentos\CRM\laravel-crm-2.1\laravel-crm-2.1\bootstrap\cache directory must be present and writable. {"exception":"[object] (Exception(code: 0): The C:\\Users\\SamuelMachadoCardoso\\OneDrive - DUAPI SISTEMAS\\Documentos\\CRM\\laravel-crm-2.1\\laravel-crm-2.1\\bootstrap\\cache directory must be present and writable. at C:\\Users\\SamuelMachadoCardoso\\OneDrive - DUAPI SISTEMAS\\Documentos\\CRM\\laravel-crm-2.1\\laravel-crm-2.1\\vendor\\laravel\\framework\\src\\Illuminate\\Foundation\\PackageManifest.php:178)
[stacktrace]
#0 C:\\Users\\SamuelMachadoCardoso\\OneDrive - DUAPI SISTEMAS\\Documentos\\CRM\\laravel-crm-2.1\\laravel-crm-2.1\\vendor\\laravel\\framework\\src\\Illuminate\\Foundation\\PackageManifest.php(131): Illuminate\\Foundation\\PackageManifest->write(Array)
#1 C:\\Users\\SamuelMachadoCardoso\\OneDrive - DUAPI SISTEMAS\\Documentos\\CRM\\laravel-crm-2.1\\laravel-crm-2.1\\vendor\\laravel\\framework\\src\\Illuminate\\Foundation\\PackageManifest.php(107): Illuminate\\Foundation\\PackageManifest->build()
#2 C:\\Users\\SamuelMachadoCardoso\\OneDrive - DUAPI SISTEMAS\\Documentos\\CRM\\laravel-crm-2.1\\laravel-crm-2.1\\vendor\\laravel\\framework\\src\\Illuminate\\Foundation\\PackageManifest.php(90): Illuminate\\Foundation\\PackageManifest->getManifest()
#3 C:\\Users\\SamuelMachadoCardoso\\OneDrive - DUAPI SISTEMAS\\Documentos\\CRM\\laravel-crm-2.1\\laravel-crm-2.1\\vendor\\laravel\\framework\\src\\Illuminate\\Foundation\\PackageManifest.php(79): Illuminate\\Foundation\\PackageManifest->config('aliases')
#4 C:\\Users\\SamuelMachadoCardoso\\OneDrive - DUAPI SISTEMAS\\Documentos\\CRM\\laravel-crm-2.1\\laravel-crm-2.1\\vendor\\laravel\\framework\\src\\Illuminate\\Foundation\\Bootstrap\\RegisterFacades.php(26): Illuminate\\Foundation\\PackageManifest->aliases()
#5 C:\\Users\\SamuelMachadoCardoso\\OneDrive - DUAPI SISTEMAS\\Documentos\\CRM\\laravel-crm-2.1\\laravel-crm-2.1\\vendor\\laravel\\framework\\src\\Illuminate\\Foundation\\Application.php(286): Illuminate\\Foundation\\Bootstrap\\RegisterFacades->bootstrap(Object(Illuminate\\Foundation\\Application))
#6 C:\\Users\\SamuelMachadoCardoso\\OneDrive - DUAPI SISTEMAS\\Documentos\\CRM\\laravel-crm-2.1\\laravel-crm-2.1\\vendor\\laravel\\framework\\src\\Illuminate\\Foundation\\Console\\Kernel.php(447): Illuminate\\Foundation\\Application->bootstrapWith(Array)
#7 C:\\Users\\SamuelMachadoCardoso\\OneDrive - DUAPI SISTEMAS\\Documentos\\CRM\\laravel-crm-2.1\\laravel-crm-2.1\\vendor\\laravel\\framework\\src\\Illuminate\\Foundation\\Console\\Kernel.php(199): Illuminate\\Foundation\\Console\\Kernel->bootstrap()
#8 C:\\Users\\SamuelMachadoCardoso\\OneDrive - DUAPI SISTEMAS\\Documentos\\CRM\\laravel-crm-2.1\\laravel-crm-2.1\\artisan(35): Illuminate\\Foundation\\Console\\Kernel->handle(Object(Symfony\\Component\\Console\\Input\\ArgvInput), Object(Symfony\\Component\\Console\\Output\\ConsoleOutput))
#9 {main}
"} 
[2025-08-15 05:18:42] local.ERROR: The C:\Users\SamuelMachadoCardoso\OneDrive - DUAPI SISTEMAS\Documentos\CRM\laravel-crm-2.1\laravel-crm-2.1\bootstrap\cache directory must be present and writable. {"exception":"[object] (Exception(code: 0): The C:\\Users\\SamuelMachadoCardoso\\OneDrive - DUAPI SISTEMAS\\Documentos\\CRM\\laravel-crm-2.1\\laravel-crm-2.1\\bootstrap\\cache directory must be present and writable. at C:\\Users\\SamuelMachadoCardoso\\OneDrive - DUAPI SISTEMAS\\Documentos\\CRM\\laravel-crm-2.1\\laravel-crm-2.1\\vendor\\laravel\\framework\\src\\Illuminate\\Foundation\\PackageManifest.php:178)
[stacktrace]
#0 C:\\Users\\SamuelMachadoCardoso\\OneDrive - DUAPI SISTEMAS\\Documentos\\CRM\\laravel-crm-2.1\\laravel-crm-2.1\\vendor\\laravel\\framework\\src\\Illuminate\\Foundation\\PackageManifest.php(131): Illuminate\\Foundation\\PackageManifest->write(Array)
#1 C:\\Users\\SamuelMachadoCardoso\\OneDrive - DUAPI SISTEMAS\\Documentos\\CRM\\laravel-crm-2.1\\laravel-crm-2.1\\vendor\\laravel\\framework\\src\\Illuminate\\Foundation\\PackageManifest.php(107): Illuminate\\Foundation\\PackageManifest->build()
#2 C:\\Users\\SamuelMachadoCardoso\\OneDrive - DUAPI SISTEMAS\\Documentos\\CRM\\laravel-crm-2.1\\laravel-crm-2.1\\vendor\\laravel\\framework\\src\\Illuminate\\Foundation\\PackageManifest.php(90): Illuminate\\Foundation\\PackageManifest->getManifest()
#3 C:\\Users\\SamuelMachadoCardoso\\OneDrive - DUAPI SISTEMAS\\Documentos\\CRM\\laravel-crm-2.1\\laravel-crm-2.1\\vendor\\laravel\\framework\\src\\Illuminate\\Foundation\\PackageManifest.php(79): Illuminate\\Foundation\\PackageManifest->config('aliases')
#4 C:\\Users\\SamuelMachadoCardoso\\OneDrive - DUAPI SISTEMAS\\Documentos\\CRM\\laravel-crm-2.1\\laravel-crm-2.1\\vendor\\laravel\\framework\\src\\Illuminate\\Foundation\\Bootstrap\\RegisterFacades.php(26): Illuminate\\Foundation\\PackageManifest->aliases()
#5 C:\\Users\\SamuelMachadoCardoso\\OneDrive - DUAPI SISTEMAS\\Documentos\\CRM\\laravel-crm-2.1\\laravel-crm-2.1\\vendor\\laravel\\framework\\src\\Illuminate\\Foundation\\Application.php(286): Illuminate\\Foundation\\Bootstrap\\RegisterFacades->bootstrap(Object(Illuminate\\Foundation\\Application))
#6 C:\\Users\\SamuelMachadoCardoso\\OneDrive - DUAPI SISTEMAS\\Documentos\\CRM\\laravel-crm-2.1\\laravel-crm-2.1\\vendor\\laravel\\framework\\src\\Illuminate\\Foundation\\Console\\Kernel.php(447): Illuminate\\Foundation\\Application->bootstrapWith(Array)
#7 C:\\Users\\SamuelMachadoCardoso\\OneDrive - DUAPI SISTEMAS\\Documentos\\CRM\\laravel-crm-2.1\\laravel-crm-2.1\\vendor\\laravel\\framework\\src\\Illuminate\\Foundation\\Console\\Kernel.php(199): Illuminate\\Foundation\\Console\\Kernel->bootstrap()
#8 C:\\Users\\SamuelMachadoCardoso\\OneDrive - DUAPI SISTEMAS\\Documentos\\CRM\\laravel-crm-2.1\\laravel-crm-2.1\\artisan(35): Illuminate\\Foundation\\Console\\Kernel->handle(Object(Symfony\\Component\\Console\\Input\\ArgvInput), Object(Symfony\\Component\\Console\\Output\\ConsoleOutput))
#9 {main}
"} 
[2025-08-15 05:19:05] local.ERROR: The C:\Users\SamuelMachadoCardoso\OneDrive - DUAPI SISTEMAS\Documentos\CRM\laravel-crm-2.1\laravel-crm-2.1\bootstrap\cache directory must be present and writable. {"exception":"[object] (Exception(code: 0): The C:\\Users\\SamuelMachadoCardoso\\OneDrive - DUAPI SISTEMAS\\Documentos\\CRM\\laravel-crm-2.1\\laravel-crm-2.1\\bootstrap\\cache directory must be present and writable. at C:\\Users\\SamuelMachadoCardoso\\OneDrive - DUAPI SISTEMAS\\Documentos\\CRM\\laravel-crm-2.1\\laravel-crm-2.1\\vendor\\laravel\\framework\\src\\Illuminate\\Foundation\\PackageManifest.php:178)
[stacktrace]
#0 C:\\Users\\SamuelMachadoCardoso\\OneDrive - DUAPI SISTEMAS\\Documentos\\CRM\\laravel-crm-2.1\\laravel-crm-2.1\\vendor\\laravel\\framework\\src\\Illuminate\\Foundation\\PackageManifest.php(131): Illuminate\\Foundation\\PackageManifest->write(Array)
#1 C:\\Users\\SamuelMachadoCardoso\\OneDrive - DUAPI SISTEMAS\\Documentos\\CRM\\laravel-crm-2.1\\laravel-crm-2.1\\vendor\\laravel\\framework\\src\\Illuminate\\Foundation\\PackageManifest.php(107): Illuminate\\Foundation\\PackageManifest->build()
#2 C:\\Users\\SamuelMachadoCardoso\\OneDrive - DUAPI SISTEMAS\\Documentos\\CRM\\laravel-crm-2.1\\laravel-crm-2.1\\vendor\\laravel\\framework\\src\\Illuminate\\Foundation\\PackageManifest.php(90): Illuminate\\Foundation\\PackageManifest->getManifest()
#3 C:\\Users\\SamuelMachadoCardoso\\OneDrive - DUAPI SISTEMAS\\Documentos\\CRM\\laravel-crm-2.1\\laravel-crm-2.1\\vendor\\laravel\\framework\\src\\Illuminate\\Foundation\\PackageManifest.php(79): Illuminate\\Foundation\\PackageManifest->config('aliases')
#4 C:\\Users\\SamuelMachadoCardoso\\OneDrive - DUAPI SISTEMAS\\Documentos\\CRM\\laravel-crm-2.1\\laravel-crm-2.1\\vendor\\laravel\\framework\\src\\Illuminate\\Foundation\\Bootstrap\\RegisterFacades.php(26): Illuminate\\Foundation\\PackageManifest->aliases()
#5 C:\\Users\\SamuelMachadoCardoso\\OneDrive - DUAPI SISTEMAS\\Documentos\\CRM\\laravel-crm-2.1\\laravel-crm-2.1\\vendor\\laravel\\framework\\src\\Illuminate\\Foundation\\Application.php(286): Illuminate\\Foundation\\Bootstrap\\RegisterFacades->bootstrap(Object(Illuminate\\Foundation\\Application))
#6 C:\\Users\\SamuelMachadoCardoso\\OneDrive - DUAPI SISTEMAS\\Documentos\\CRM\\laravel-crm-2.1\\laravel-crm-2.1\\vendor\\laravel\\framework\\src\\Illuminate\\Foundation\\Console\\Kernel.php(447): Illuminate\\Foundation\\Application->bootstrapWith(Array)
#7 C:\\Users\\SamuelMachadoCardoso\\OneDrive - DUAPI SISTEMAS\\Documentos\\CRM\\laravel-crm-2.1\\laravel-crm-2.1\\vendor\\laravel\\framework\\src\\Illuminate\\Foundation\\Console\\Kernel.php(199): Illuminate\\Foundation\\Console\\Kernel->bootstrap()
#8 C:\\Users\\SamuelMachadoCardoso\\OneDrive - DUAPI SISTEMAS\\Documentos\\CRM\\laravel-crm-2.1\\laravel-crm-2.1\\artisan(35): Illuminate\\Foundation\\Console\\Kernel->handle(Object(Symfony\\Component\\Console\\Input\\ArgvInput), Object(Symfony\\Component\\Console\\Output\\ConsoleOutput))
#9 {main}
"} 
[2025-08-15 05:19:58] local.ERROR: The C:\Users\SamuelMachadoCardoso\OneDrive - DUAPI SISTEMAS\Documentos\CRM\laravel-crm-2.1\laravel-crm-2.1\bootstrap\cache directory must be present and writable. {"exception":"[object] (Exception(code: 0): The C:\\Users\\SamuelMachadoCardoso\\OneDrive - DUAPI SISTEMAS\\Documentos\\CRM\\laravel-crm-2.1\\laravel-crm-2.1\\bootstrap\\cache directory must be present and writable. at C:\\Users\\SamuelMachadoCardoso\\OneDrive - DUAPI SISTEMAS\\Documentos\\CRM\\laravel-crm-2.1\\laravel-crm-2.1\\vendor\\laravel\\framework\\src\\Illuminate\\Foundation\\PackageManifest.php:178)
[stacktrace]
#0 C:\\Users\\SamuelMachadoCardoso\\OneDrive - DUAPI SISTEMAS\\Documentos\\CRM\\laravel-crm-2.1\\laravel-crm-2.1\\vendor\\laravel\\framework\\src\\Illuminate\\Foundation\\PackageManifest.php(131): Illuminate\\Foundation\\PackageManifest->write(Array)
#1 C:\\Users\\SamuelMachadoCardoso\\OneDrive - DUAPI SISTEMAS\\Documentos\\CRM\\laravel-crm-2.1\\laravel-crm-2.1\\vendor\\laravel\\framework\\src\\Illuminate\\Foundation\\PackageManifest.php(107): Illuminate\\Foundation\\PackageManifest->build()
#2 C:\\Users\\SamuelMachadoCardoso\\OneDrive - DUAPI SISTEMAS\\Documentos\\CRM\\laravel-crm-2.1\\laravel-crm-2.1\\vendor\\laravel\\framework\\src\\Illuminate\\Foundation\\PackageManifest.php(90): Illuminate\\Foundation\\PackageManifest->getManifest()
#3 C:\\Users\\SamuelMachadoCardoso\\OneDrive - DUAPI SISTEMAS\\Documentos\\CRM\\laravel-crm-2.1\\laravel-crm-2.1\\vendor\\laravel\\framework\\src\\Illuminate\\Foundation\\PackageManifest.php(79): Illuminate\\Foundation\\PackageManifest->config('aliases')
#4 C:\\Users\\SamuelMachadoCardoso\\OneDrive - DUAPI SISTEMAS\\Documentos\\CRM\\laravel-crm-2.1\\laravel-crm-2.1\\vendor\\laravel\\framework\\src\\Illuminate\\Foundation\\Bootstrap\\RegisterFacades.php(26): Illuminate\\Foundation\\PackageManifest->aliases()
#5 C:\\Users\\SamuelMachadoCardoso\\OneDrive - DUAPI SISTEMAS\\Documentos\\CRM\\laravel-crm-2.1\\laravel-crm-2.1\\vendor\\laravel\\framework\\src\\Illuminate\\Foundation\\Application.php(286): Illuminate\\Foundation\\Bootstrap\\RegisterFacades->bootstrap(Object(Illuminate\\Foundation\\Application))
#6 C:\\Users\\SamuelMachadoCardoso\\OneDrive - DUAPI SISTEMAS\\Documentos\\CRM\\laravel-crm-2.1\\laravel-crm-2.1\\vendor\\laravel\\framework\\src\\Illuminate\\Foundation\\Console\\Kernel.php(447): Illuminate\\Foundation\\Application->bootstrapWith(Array)
#7 C:\\Users\\SamuelMachadoCardoso\\OneDrive - DUAPI SISTEMAS\\Documentos\\CRM\\laravel-crm-2.1\\laravel-crm-2.1\\vendor\\laravel\\framework\\src\\Illuminate\\Foundation\\Console\\Kernel.php(199): Illuminate\\Foundation\\Console\\Kernel->bootstrap()
#8 C:\\Users\\SamuelMachadoCardoso\\OneDrive - DUAPI SISTEMAS\\Documentos\\CRM\\laravel-crm-2.1\\laravel-crm-2.1\\artisan(35): Illuminate\\Foundation\\Console\\Kernel->handle(Object(Symfony\\Component\\Console\\Input\\ArgvInput), Object(Symfony\\Component\\Console\\Output\\ConsoleOutput))
#9 {main}
"} 
[2025-08-15 05:20:23] local.ERROR: The C:\Users\SamuelMachadoCardoso\OneDrive - DUAPI SISTEMAS\Documentos\CRM\laravel-crm-2.1\laravel-crm-2.1\bootstrap\cache directory must be present and writable. {"exception":"[object] (Exception(code: 0): The C:\\Users\\SamuelMachadoCardoso\\OneDrive - DUAPI SISTEMAS\\Documentos\\CRM\\laravel-crm-2.1\\laravel-crm-2.1\\bootstrap\\cache directory must be present and writable. at C:\\Users\\SamuelMachadoCardoso\\OneDrive - DUAPI SISTEMAS\\Documentos\\CRM\\laravel-crm-2.1\\laravel-crm-2.1\\vendor\\laravel\\framework\\src\\Illuminate\\Foundation\\PackageManifest.php:178)
[stacktrace]
#0 C:\\Users\\SamuelMachadoCardoso\\OneDrive - DUAPI SISTEMAS\\Documentos\\CRM\\laravel-crm-2.1\\laravel-crm-2.1\\vendor\\laravel\\framework\\src\\Illuminate\\Foundation\\PackageManifest.php(131): Illuminate\\Foundation\\PackageManifest->write(Array)
#1 C:\\Users\\SamuelMachadoCardoso\\OneDrive - DUAPI SISTEMAS\\Documentos\\CRM\\laravel-crm-2.1\\laravel-crm-2.1\\vendor\\laravel\\framework\\src\\Illuminate\\Foundation\\PackageManifest.php(107): Illuminate\\Foundation\\PackageManifest->build()
#2 C:\\Users\\SamuelMachadoCardoso\\OneDrive - DUAPI SISTEMAS\\Documentos\\CRM\\laravel-crm-2.1\\laravel-crm-2.1\\vendor\\laravel\\framework\\src\\Illuminate\\Foundation\\PackageManifest.php(90): Illuminate\\Foundation\\PackageManifest->getManifest()
#3 C:\\Users\\SamuelMachadoCardoso\\OneDrive - DUAPI SISTEMAS\\Documentos\\CRM\\laravel-crm-2.1\\laravel-crm-2.1\\vendor\\laravel\\framework\\src\\Illuminate\\Foundation\\PackageManifest.php(79): Illuminate\\Foundation\\PackageManifest->config('aliases')
#4 C:\\Users\\SamuelMachadoCardoso\\OneDrive - DUAPI SISTEMAS\\Documentos\\CRM\\laravel-crm-2.1\\laravel-crm-2.1\\vendor\\laravel\\framework\\src\\Illuminate\\Foundation\\Bootstrap\\RegisterFacades.php(26): Illuminate\\Foundation\\PackageManifest->aliases()
#5 C:\\Users\\SamuelMachadoCardoso\\OneDrive - DUAPI SISTEMAS\\Documentos\\CRM\\laravel-crm-2.1\\laravel-crm-2.1\\vendor\\laravel\\framework\\src\\Illuminate\\Foundation\\Application.php(286): Illuminate\\Foundation\\Bootstrap\\RegisterFacades->bootstrap(Object(Illuminate\\Foundation\\Application))
#6 C:\\Users\\SamuelMachadoCardoso\\OneDrive - DUAPI SISTEMAS\\Documentos\\CRM\\laravel-crm-2.1\\laravel-crm-2.1\\vendor\\laravel\\framework\\src\\Illuminate\\Foundation\\Console\\Kernel.php(447): Illuminate\\Foundation\\Application->bootstrapWith(Array)
#7 C:\\Users\\SamuelMachadoCardoso\\OneDrive - DUAPI SISTEMAS\\Documentos\\CRM\\laravel-crm-2.1\\laravel-crm-2.1\\vendor\\laravel\\framework\\src\\Illuminate\\Foundation\\Console\\Kernel.php(199): Illuminate\\Foundation\\Console\\Kernel->bootstrap()
#8 C:\\Users\\SamuelMachadoCardoso\\OneDrive - DUAPI SISTEMAS\\Documentos\\CRM\\laravel-crm-2.1\\laravel-crm-2.1\\artisan(35): Illuminate\\Foundation\\Console\\Kernel->handle(Object(Symfony\\Component\\Console\\Input\\ArgvInput), Object(Symfony\\Component\\Console\\Output\\ConsoleOutput))
#9 {main}
"} 
[2025-08-15 05:21:26] local.ERROR: The C:\Users\SamuelMachadoCardoso\OneDrive - DUAPI SISTEMAS\Documentos\CRM\laravel-crm-2.1\laravel-crm-2.1\bootstrap\cache directory must be present and writable. {"exception":"[object] (Exception(code: 0): The C:\\Users\\SamuelMachadoCardoso\\OneDrive - DUAPI SISTEMAS\\Documentos\\CRM\\laravel-crm-2.1\\laravel-crm-2.1\\bootstrap\\cache directory must be present and writable. at C:\\Users\\SamuelMachadoCardoso\\OneDrive - DUAPI SISTEMAS\\Documentos\\CRM\\laravel-crm-2.1\\laravel-crm-2.1\\vendor\\laravel\\framework\\src\\Illuminate\\Foundation\\PackageManifest.php:178)
[stacktrace]
#0 C:\\Users\\SamuelMachadoCardoso\\OneDrive - DUAPI SISTEMAS\\Documentos\\CRM\\laravel-crm-2.1\\laravel-crm-2.1\\vendor\\laravel\\framework\\src\\Illuminate\\Foundation\\PackageManifest.php(131): Illuminate\\Foundation\\PackageManifest->write(Array)
#1 C:\\Users\\SamuelMachadoCardoso\\OneDrive - DUAPI SISTEMAS\\Documentos\\CRM\\laravel-crm-2.1\\laravel-crm-2.1\\vendor\\laravel\\framework\\src\\Illuminate\\Foundation\\PackageManifest.php(107): Illuminate\\Foundation\\PackageManifest->build()
#2 C:\\Users\\SamuelMachadoCardoso\\OneDrive - DUAPI SISTEMAS\\Documentos\\CRM\\laravel-crm-2.1\\laravel-crm-2.1\\vendor\\laravel\\framework\\src\\Illuminate\\Foundation\\PackageManifest.php(90): Illuminate\\Foundation\\PackageManifest->getManifest()
#3 C:\\Users\\SamuelMachadoCardoso\\OneDrive - DUAPI SISTEMAS\\Documentos\\CRM\\laravel-crm-2.1\\laravel-crm-2.1\\vendor\\laravel\\framework\\src\\Illuminate\\Foundation\\PackageManifest.php(79): Illuminate\\Foundation\\PackageManifest->config('aliases')
#4 C:\\Users\\SamuelMachadoCardoso\\OneDrive - DUAPI SISTEMAS\\Documentos\\CRM\\laravel-crm-2.1\\laravel-crm-2.1\\vendor\\laravel\\framework\\src\\Illuminate\\Foundation\\Bootstrap\\RegisterFacades.php(26): Illuminate\\Foundation\\PackageManifest->aliases()
#5 C:\\Users\\SamuelMachadoCardoso\\OneDrive - DUAPI SISTEMAS\\Documentos\\CRM\\laravel-crm-2.1\\laravel-crm-2.1\\vendor\\laravel\\framework\\src\\Illuminate\\Foundation\\Application.php(286): Illuminate\\Foundation\\Bootstrap\\RegisterFacades->bootstrap(Object(Illuminate\\Foundation\\Application))
#6 C:\\Users\\SamuelMachadoCardoso\\OneDrive - DUAPI SISTEMAS\\Documentos\\CRM\\laravel-crm-2.1\\laravel-crm-2.1\\vendor\\laravel\\framework\\src\\Illuminate\\Foundation\\Console\\Kernel.php(447): Illuminate\\Foundation\\Application->bootstrapWith(Array)
#7 C:\\Users\\SamuelMachadoCardoso\\OneDrive - DUAPI SISTEMAS\\Documentos\\CRM\\laravel-crm-2.1\\laravel-crm-2.1\\vendor\\laravel\\framework\\src\\Illuminate\\Foundation\\Console\\Kernel.php(199): Illuminate\\Foundation\\Console\\Kernel->bootstrap()
#8 C:\\Users\\SamuelMachadoCardoso\\OneDrive - DUAPI SISTEMAS\\Documentos\\CRM\\laravel-crm-2.1\\laravel-crm-2.1\\artisan(35): Illuminate\\Foundation\\Console\\Kernel->handle(Object(Symfony\\Component\\Console\\Input\\ArgvInput), Object(Symfony\\Component\\Console\\Output\\ConsoleOutput))
#9 {main}
"} 
[2025-08-15 05:22:06] local.ERROR: The C:\Users\SamuelMachadoCardoso\OneDrive - DUAPI SISTEMAS\Documentos\CRM\laravel-crm-2.1\laravel-crm-2.1\bootstrap\cache directory must be present and writable. {"exception":"[object] (Exception(code: 0): The C:\\Users\\SamuelMachadoCardoso\\OneDrive - DUAPI SISTEMAS\\Documentos\\CRM\\laravel-crm-2.1\\laravel-crm-2.1\\bootstrap\\cache directory must be present and writable. at C:\\Users\\SamuelMachadoCardoso\\OneDrive - DUAPI SISTEMAS\\Documentos\\CRM\\laravel-crm-2.1\\laravel-crm-2.1\\vendor\\laravel\\framework\\src\\Illuminate\\Foundation\\PackageManifest.php:178)
[stacktrace]
#0 C:\\Users\\SamuelMachadoCardoso\\OneDrive - DUAPI SISTEMAS\\Documentos\\CRM\\laravel-crm-2.1\\laravel-crm-2.1\\vendor\\laravel\\framework\\src\\Illuminate\\Foundation\\PackageManifest.php(131): Illuminate\\Foundation\\PackageManifest->write(Array)
#1 C:\\Users\\SamuelMachadoCardoso\\OneDrive - DUAPI SISTEMAS\\Documentos\\CRM\\laravel-crm-2.1\\laravel-crm-2.1\\vendor\\laravel\\framework\\src\\Illuminate\\Foundation\\PackageManifest.php(107): Illuminate\\Foundation\\PackageManifest->build()
#2 C:\\Users\\SamuelMachadoCardoso\\OneDrive - DUAPI SISTEMAS\\Documentos\\CRM\\laravel-crm-2.1\\laravel-crm-2.1\\vendor\\laravel\\framework\\src\\Illuminate\\Foundation\\PackageManifest.php(90): Illuminate\\Foundation\\PackageManifest->getManifest()
#3 C:\\Users\\SamuelMachadoCardoso\\OneDrive - DUAPI SISTEMAS\\Documentos\\CRM\\laravel-crm-2.1\\laravel-crm-2.1\\vendor\\laravel\\framework\\src\\Illuminate\\Foundation\\PackageManifest.php(79): Illuminate\\Foundation\\PackageManifest->config('aliases')
#4 C:\\Users\\SamuelMachadoCardoso\\OneDrive - DUAPI SISTEMAS\\Documentos\\CRM\\laravel-crm-2.1\\laravel-crm-2.1\\vendor\\laravel\\framework\\src\\Illuminate\\Foundation\\Bootstrap\\RegisterFacades.php(26): Illuminate\\Foundation\\PackageManifest->aliases()
#5 C:\\Users\\SamuelMachadoCardoso\\OneDrive - DUAPI SISTEMAS\\Documentos\\CRM\\laravel-crm-2.1\\laravel-crm-2.1\\vendor\\laravel\\framework\\src\\Illuminate\\Foundation\\Application.php(286): Illuminate\\Foundation\\Bootstrap\\RegisterFacades->bootstrap(Object(Illuminate\\Foundation\\Application))
#6 C:\\Users\\SamuelMachadoCardoso\\OneDrive - DUAPI SISTEMAS\\Documentos\\CRM\\laravel-crm-2.1\\laravel-crm-2.1\\vendor\\laravel\\framework\\src\\Illuminate\\Foundation\\Console\\Kernel.php(447): Illuminate\\Foundation\\Application->bootstrapWith(Array)
#7 C:\\Users\\SamuelMachadoCardoso\\OneDrive - DUAPI SISTEMAS\\Documentos\\CRM\\laravel-crm-2.1\\laravel-crm-2.1\\vendor\\laravel\\framework\\src\\Illuminate\\Foundation\\Console\\Kernel.php(199): Illuminate\\Foundation\\Console\\Kernel->bootstrap()
#8 C:\\Users\\SamuelMachadoCardoso\\OneDrive - DUAPI SISTEMAS\\Documentos\\CRM\\laravel-crm-2.1\\laravel-crm-2.1\\artisan(35): Illuminate\\Foundation\\Console\\Kernel->handle(Object(Symfony\\Component\\Console\\Input\\ArgvInput), Object(Symfony\\Component\\Console\\Output\\ConsoleOutput))
#9 {main}
"} 
[2025-08-15 05:24:04] local.ERROR: The C:\Users\SamuelMachadoCardoso\OneDrive - DUAPI SISTEMAS\Documentos\CRM\laravel-crm-2.1\laravel-crm-2.1\bootstrap\cache directory must be present and writable. {"exception":"[object] (Exception(code: 0): The C:\\Users\\SamuelMachadoCardoso\\OneDrive - DUAPI SISTEMAS\\Documentos\\CRM\\laravel-crm-2.1\\laravel-crm-2.1\\bootstrap\\cache directory must be present and writable. at C:\\Users\\SamuelMachadoCardoso\\OneDrive - DUAPI SISTEMAS\\Documentos\\CRM\\laravel-crm-2.1\\laravel-crm-2.1\\vendor\\laravel\\framework\\src\\Illuminate\\Foundation\\PackageManifest.php:178)
[stacktrace]
#0 C:\\Users\\SamuelMachadoCardoso\\OneDrive - DUAPI SISTEMAS\\Documentos\\CRM\\laravel-crm-2.1\\laravel-crm-2.1\\vendor\\laravel\\framework\\src\\Illuminate\\Foundation\\PackageManifest.php(131): Illuminate\\Foundation\\PackageManifest->write(Array)
#1 C:\\Users\\SamuelMachadoCardoso\\OneDrive - DUAPI SISTEMAS\\Documentos\\CRM\\laravel-crm-2.1\\laravel-crm-2.1\\vendor\\laravel\\framework\\src\\Illuminate\\Foundation\\PackageManifest.php(107): Illuminate\\Foundation\\PackageManifest->build()
#2 C:\\Users\\SamuelMachadoCardoso\\OneDrive - DUAPI SISTEMAS\\Documentos\\CRM\\laravel-crm-2.1\\laravel-crm-2.1\\vendor\\laravel\\framework\\src\\Illuminate\\Foundation\\PackageManifest.php(90): Illuminate\\Foundation\\PackageManifest->getManifest()
#3 C:\\Users\\SamuelMachadoCardoso\\OneDrive - DUAPI SISTEMAS\\Documentos\\CRM\\laravel-crm-2.1\\laravel-crm-2.1\\vendor\\laravel\\framework\\src\\Illuminate\\Foundation\\PackageManifest.php(79): Illuminate\\Foundation\\PackageManifest->config('aliases')
#4 C:\\Users\\SamuelMachadoCardoso\\OneDrive - DUAPI SISTEMAS\\Documentos\\CRM\\laravel-crm-2.1\\laravel-crm-2.1\\vendor\\laravel\\framework\\src\\Illuminate\\Foundation\\Bootstrap\\RegisterFacades.php(26): Illuminate\\Foundation\\PackageManifest->aliases()
#5 C:\\Users\\SamuelMachadoCardoso\\OneDrive - DUAPI SISTEMAS\\Documentos\\CRM\\laravel-crm-2.1\\laravel-crm-2.1\\vendor\\laravel\\framework\\src\\Illuminate\\Foundation\\Application.php(286): Illuminate\\Foundation\\Bootstrap\\RegisterFacades->bootstrap(Object(Illuminate\\Foundation\\Application))
#6 C:\\Users\\SamuelMachadoCardoso\\OneDrive - DUAPI SISTEMAS\\Documentos\\CRM\\laravel-crm-2.1\\laravel-crm-2.1\\vendor\\laravel\\framework\\src\\Illuminate\\Foundation\\Console\\Kernel.php(447): Illuminate\\Foundation\\Application->bootstrapWith(Array)
#7 C:\\Users\\SamuelMachadoCardoso\\OneDrive - DUAPI SISTEMAS\\Documentos\\CRM\\laravel-crm-2.1\\laravel-crm-2.1\\vendor\\laravel\\framework\\src\\Illuminate\\Foundation\\Console\\Kernel.php(199): Illuminate\\Foundation\\Console\\Kernel->bootstrap()
#8 C:\\Users\\SamuelMachadoCardoso\\OneDrive - DUAPI SISTEMAS\\Documentos\\CRM\\laravel-crm-2.1\\laravel-crm-2.1\\artisan(35): Illuminate\\Foundation\\Console\\Kernel->handle(Object(Symfony\\Component\\Console\\Input\\ArgvInput), Object(Symfony\\Component\\Console\\Output\\ConsoleOutput))
#9 {main}
"} 
[2025-08-15 05:27:25] local.ERROR: The C:\Users\SamuelMachadoCardoso\OneDrive - DUAPI SISTEMAS\Documentos\CRM\laravel-crm-2.1\laravel-crm-2.1\bootstrap\cache directory must be present and writable. {"exception":"[object] (Exception(code: 0): The C:\\Users\\SamuelMachadoCardoso\\OneDrive - DUAPI SISTEMAS\\Documentos\\CRM\\laravel-crm-2.1\\laravel-crm-2.1\\bootstrap\\cache directory must be present and writable. at C:\\Users\\SamuelMachadoCardoso\\OneDrive - DUAPI SISTEMAS\\Documentos\\CRM\\laravel-crm-2.1\\laravel-crm-2.1\\vendor\\laravel\\framework\\src\\Illuminate\\Foundation\\PackageManifest.php:178)
[stacktrace]
#0 C:\\Users\\SamuelMachadoCardoso\\OneDrive - DUAPI SISTEMAS\\Documentos\\CRM\\laravel-crm-2.1\\laravel-crm-2.1\\vendor\\laravel\\framework\\src\\Illuminate\\Foundation\\PackageManifest.php(131): Illuminate\\Foundation\\PackageManifest->write(Array)
#1 C:\\Users\\SamuelMachadoCardoso\\OneDrive - DUAPI SISTEMAS\\Documentos\\CRM\\laravel-crm-2.1\\laravel-crm-2.1\\vendor\\laravel\\framework\\src\\Illuminate\\Foundation\\PackageManifest.php(107): Illuminate\\Foundation\\PackageManifest->build()
#2 C:\\Users\\SamuelMachadoCardoso\\OneDrive - DUAPI SISTEMAS\\Documentos\\CRM\\laravel-crm-2.1\\laravel-crm-2.1\\vendor\\laravel\\framework\\src\\Illuminate\\Foundation\\PackageManifest.php(90): Illuminate\\Foundation\\PackageManifest->getManifest()
#3 C:\\Users\\SamuelMachadoCardoso\\OneDrive - DUAPI SISTEMAS\\Documentos\\CRM\\laravel-crm-2.1\\laravel-crm-2.1\\vendor\\laravel\\framework\\src\\Illuminate\\Foundation\\PackageManifest.php(79): Illuminate\\Foundation\\PackageManifest->config('aliases')
#4 C:\\Users\\SamuelMachadoCardoso\\OneDrive - DUAPI SISTEMAS\\Documentos\\CRM\\laravel-crm-2.1\\laravel-crm-2.1\\vendor\\laravel\\framework\\src\\Illuminate\\Foundation\\Bootstrap\\RegisterFacades.php(26): Illuminate\\Foundation\\PackageManifest->aliases()
#5 C:\\Users\\SamuelMachadoCardoso\\OneDrive - DUAPI SISTEMAS\\Documentos\\CRM\\laravel-crm-2.1\\laravel-crm-2.1\\vendor\\laravel\\framework\\src\\Illuminate\\Foundation\\Application.php(286): Illuminate\\Foundation\\Bootstrap\\RegisterFacades->bootstrap(Object(Illuminate\\Foundation\\Application))
#6 C:\\Users\\SamuelMachadoCardoso\\OneDrive - DUAPI SISTEMAS\\Documentos\\CRM\\laravel-crm-2.1\\laravel-crm-2.1\\vendor\\laravel\\framework\\src\\Illuminate\\Foundation\\Console\\Kernel.php(447): Illuminate\\Foundation\\Application->bootstrapWith(Array)
#7 C:\\Users\\SamuelMachadoCardoso\\OneDrive - DUAPI SISTEMAS\\Documentos\\CRM\\laravel-crm-2.1\\laravel-crm-2.1\\vendor\\laravel\\framework\\src\\Illuminate\\Foundation\\Console\\Kernel.php(199): Illuminate\\Foundation\\Console\\Kernel->bootstrap()
#8 C:\\Users\\SamuelMachadoCardoso\\OneDrive - DUAPI SISTEMAS\\Documentos\\CRM\\laravel-crm-2.1\\laravel-crm-2.1\\artisan(35): Illuminate\\Foundation\\Console\\Kernel->handle(Object(Symfony\\Component\\Console\\Input\\ArgvInput), Object(Symfony\\Component\\Console\\Output\\ConsoleOutput))
#9 {main}
"} 
[2025-08-15 05:29:10] local.ERROR: The C:\Users\SamuelMachadoCardoso\OneDrive - DUAPI SISTEMAS\Documentos\CRM\laravel-crm-2.1\laravel-crm-2.1\bootstrap\cache directory must be present and writable. {"exception":"[object] (Exception(code: 0): The C:\\Users\\SamuelMachadoCardoso\\OneDrive - DUAPI SISTEMAS\\Documentos\\CRM\\laravel-crm-2.1\\laravel-crm-2.1\\bootstrap\\cache directory must be present and writable. at C:\\Users\\SamuelMachadoCardoso\\OneDrive - DUAPI SISTEMAS\\Documentos\\CRM\\laravel-crm-2.1\\laravel-crm-2.1\\vendor\\laravel\\framework\\src\\Illuminate\\Foundation\\PackageManifest.php:178)
[stacktrace]
#0 C:\\Users\\SamuelMachadoCardoso\\OneDrive - DUAPI SISTEMAS\\Documentos\\CRM\\laravel-crm-2.1\\laravel-crm-2.1\\vendor\\laravel\\framework\\src\\Illuminate\\Foundation\\PackageManifest.php(131): Illuminate\\Foundation\\PackageManifest->write(Array)
#1 C:\\Users\\SamuelMachadoCardoso\\OneDrive - DUAPI SISTEMAS\\Documentos\\CRM\\laravel-crm-2.1\\laravel-crm-2.1\\vendor\\laravel\\framework\\src\\Illuminate\\Foundation\\PackageManifest.php(107): Illuminate\\Foundation\\PackageManifest->build()
#2 C:\\Users\\SamuelMachadoCardoso\\OneDrive - DUAPI SISTEMAS\\Documentos\\CRM\\laravel-crm-2.1\\laravel-crm-2.1\\vendor\\laravel\\framework\\src\\Illuminate\\Foundation\\PackageManifest.php(90): Illuminate\\Foundation\\PackageManifest->getManifest()
#3 C:\\Users\\SamuelMachadoCardoso\\OneDrive - DUAPI SISTEMAS\\Documentos\\CRM\\laravel-crm-2.1\\laravel-crm-2.1\\vendor\\laravel\\framework\\src\\Illuminate\\Foundation\\PackageManifest.php(79): Illuminate\\Foundation\\PackageManifest->config('aliases')
#4 C:\\Users\\SamuelMachadoCardoso\\OneDrive - DUAPI SISTEMAS\\Documentos\\CRM\\laravel-crm-2.1\\laravel-crm-2.1\\vendor\\laravel\\framework\\src\\Illuminate\\Foundation\\Bootstrap\\RegisterFacades.php(26): Illuminate\\Foundation\\PackageManifest->aliases()
#5 C:\\Users\\SamuelMachadoCardoso\\OneDrive - DUAPI SISTEMAS\\Documentos\\CRM\\laravel-crm-2.1\\laravel-crm-2.1\\vendor\\laravel\\framework\\src\\Illuminate\\Foundation\\Application.php(286): Illuminate\\Foundation\\Bootstrap\\RegisterFacades->bootstrap(Object(Illuminate\\Foundation\\Application))
#6 C:\\Users\\SamuelMachadoCardoso\\OneDrive - DUAPI SISTEMAS\\Documentos\\CRM\\laravel-crm-2.1\\laravel-crm-2.1\\vendor\\laravel\\framework\\src\\Illuminate\\Foundation\\Console\\Kernel.php(447): Illuminate\\Foundation\\Application->bootstrapWith(Array)
#7 C:\\Users\\SamuelMachadoCardoso\\OneDrive - DUAPI SISTEMAS\\Documentos\\CRM\\laravel-crm-2.1\\laravel-crm-2.1\\vendor\\laravel\\framework\\src\\Illuminate\\Foundation\\Console\\Kernel.php(199): Illuminate\\Foundation\\Console\\Kernel->bootstrap()
#8 C:\\Users\\SamuelMachadoCardoso\\OneDrive - DUAPI SISTEMAS\\Documentos\\CRM\\laravel-crm-2.1\\laravel-crm-2.1\\artisan(35): Illuminate\\Foundation\\Console\\Kernel->handle(Object(Symfony\\Component\\Console\\Input\\ArgvInput), Object(Symfony\\Component\\Console\\Output\\ConsoleOutput))
#9 {main}
"} 
[2025-08-15 05:29:10] local.ERROR: The C:\Users\SamuelMachadoCardoso\OneDrive - DUAPI SISTEMAS\Documentos\CRM\laravel-crm-2.1\laravel-crm-2.1\bootstrap\cache directory must be present and writable. {"exception":"[object] (Exception(code: 0): The C:\\Users\\SamuelMachadoCardoso\\OneDrive - DUAPI SISTEMAS\\Documentos\\CRM\\laravel-crm-2.1\\laravel-crm-2.1\\bootstrap\\cache directory must be present and writable. at C:\\Users\\SamuelMachadoCardoso\\OneDrive - DUAPI SISTEMAS\\Documentos\\CRM\\laravel-crm-2.1\\laravel-crm-2.1\\vendor\\laravel\\framework\\src\\Illuminate\\Foundation\\PackageManifest.php:178)
[stacktrace]
#0 C:\\Users\\SamuelMachadoCardoso\\OneDrive - DUAPI SISTEMAS\\Documentos\\CRM\\laravel-crm-2.1\\laravel-crm-2.1\\vendor\\laravel\\framework\\src\\Illuminate\\Foundation\\PackageManifest.php(131): Illuminate\\Foundation\\PackageManifest->write(Array)
#1 C:\\Users\\SamuelMachadoCardoso\\OneDrive - DUAPI SISTEMAS\\Documentos\\CRM\\laravel-crm-2.1\\laravel-crm-2.1\\vendor\\laravel\\framework\\src\\Illuminate\\Foundation\\PackageManifest.php(107): Illuminate\\Foundation\\PackageManifest->build()
#2 C:\\Users\\SamuelMachadoCardoso\\OneDrive - DUAPI SISTEMAS\\Documentos\\CRM\\laravel-crm-2.1\\laravel-crm-2.1\\vendor\\laravel\\framework\\src\\Illuminate\\Foundation\\PackageManifest.php(90): Illuminate\\Foundation\\PackageManifest->getManifest()
#3 C:\\Users\\SamuelMachadoCardoso\\OneDrive - DUAPI SISTEMAS\\Documentos\\CRM\\laravel-crm-2.1\\laravel-crm-2.1\\vendor\\laravel\\framework\\src\\Illuminate\\Foundation\\PackageManifest.php(79): Illuminate\\Foundation\\PackageManifest->config('aliases')
#4 C:\\Users\\SamuelMachadoCardoso\\OneDrive - DUAPI SISTEMAS\\Documentos\\CRM\\laravel-crm-2.1\\laravel-crm-2.1\\vendor\\laravel\\framework\\src\\Illuminate\\Foundation\\Bootstrap\\RegisterFacades.php(26): Illuminate\\Foundation\\PackageManifest->aliases()
#5 C:\\Users\\SamuelMachadoCardoso\\OneDrive - DUAPI SISTEMAS\\Documentos\\CRM\\laravel-crm-2.1\\laravel-crm-2.1\\vendor\\laravel\\framework\\src\\Illuminate\\Foundation\\Application.php(286): Illuminate\\Foundation\\Bootstrap\\RegisterFacades->bootstrap(Object(Illuminate\\Foundation\\Application))
#6 C:\\Users\\SamuelMachadoCardoso\\OneDrive - DUAPI SISTEMAS\\Documentos\\CRM\\laravel-crm-2.1\\laravel-crm-2.1\\vendor\\laravel\\framework\\src\\Illuminate\\Foundation\\Console\\Kernel.php(447): Illuminate\\Foundation\\Application->bootstrapWith(Array)
#7 C:\\Users\\SamuelMachadoCardoso\\OneDrive - DUAPI SISTEMAS\\Documentos\\CRM\\laravel-crm-2.1\\laravel-crm-2.1\\vendor\\laravel\\framework\\src\\Illuminate\\Foundation\\Console\\Kernel.php(199): Illuminate\\Foundation\\Console\\Kernel->bootstrap()
#8 C:\\Users\\SamuelMachadoCardoso\\OneDrive - DUAPI SISTEMAS\\Documentos\\CRM\\laravel-crm-2.1\\laravel-crm-2.1\\artisan(35): Illuminate\\Foundation\\Console\\Kernel->handle(Object(Symfony\\Component\\Console\\Input\\ArgvInput), Object(Symfony\\Component\\Console\\Output\\ConsoleOutput))
#9 {main}
"} 
[2025-08-15 05:29:11] local.ERROR: The C:\Users\SamuelMachadoCardoso\OneDrive - DUAPI SISTEMAS\Documentos\CRM\laravel-crm-2.1\laravel-crm-2.1\bootstrap\cache directory must be present and writable. {"exception":"[object] (Exception(code: 0): The C:\\Users\\SamuelMachadoCardoso\\OneDrive - DUAPI SISTEMAS\\Documentos\\CRM\\laravel-crm-2.1\\laravel-crm-2.1\\bootstrap\\cache directory must be present and writable. at C:\\Users\\SamuelMachadoCardoso\\OneDrive - DUAPI SISTEMAS\\Documentos\\CRM\\laravel-crm-2.1\\laravel-crm-2.1\\vendor\\laravel\\framework\\src\\Illuminate\\Foundation\\PackageManifest.php:178)
[stacktrace]
#0 C:\\Users\\SamuelMachadoCardoso\\OneDrive - DUAPI SISTEMAS\\Documentos\\CRM\\laravel-crm-2.1\\laravel-crm-2.1\\vendor\\laravel\\framework\\src\\Illuminate\\Foundation\\PackageManifest.php(131): Illuminate\\Foundation\\PackageManifest->write(Array)
#1 C:\\Users\\SamuelMachadoCardoso\\OneDrive - DUAPI SISTEMAS\\Documentos\\CRM\\laravel-crm-2.1\\laravel-crm-2.1\\vendor\\laravel\\framework\\src\\Illuminate\\Foundation\\PackageManifest.php(107): Illuminate\\Foundation\\PackageManifest->build()
#2 C:\\Users\\SamuelMachadoCardoso\\OneDrive - DUAPI SISTEMAS\\Documentos\\CRM\\laravel-crm-2.1\\laravel-crm-2.1\\vendor\\laravel\\framework\\src\\Illuminate\\Foundation\\PackageManifest.php(90): Illuminate\\Foundation\\PackageManifest->getManifest()
#3 C:\\Users\\SamuelMachadoCardoso\\OneDrive - DUAPI SISTEMAS\\Documentos\\CRM\\laravel-crm-2.1\\laravel-crm-2.1\\vendor\\laravel\\framework\\src\\Illuminate\\Foundation\\PackageManifest.php(79): Illuminate\\Foundation\\PackageManifest->config('aliases')
#4 C:\\Users\\SamuelMachadoCardoso\\OneDrive - DUAPI SISTEMAS\\Documentos\\CRM\\laravel-crm-2.1\\laravel-crm-2.1\\vendor\\laravel\\framework\\src\\Illuminate\\Foundation\\Bootstrap\\RegisterFacades.php(26): Illuminate\\Foundation\\PackageManifest->aliases()
#5 C:\\Users\\SamuelMachadoCardoso\\OneDrive - DUAPI SISTEMAS\\Documentos\\CRM\\laravel-crm-2.1\\laravel-crm-2.1\\vendor\\laravel\\framework\\src\\Illuminate\\Foundation\\Application.php(286): Illuminate\\Foundation\\Bootstrap\\RegisterFacades->bootstrap(Object(Illuminate\\Foundation\\Application))
#6 C:\\Users\\SamuelMachadoCardoso\\OneDrive - DUAPI SISTEMAS\\Documentos\\CRM\\laravel-crm-2.1\\laravel-crm-2.1\\vendor\\laravel\\framework\\src\\Illuminate\\Foundation\\Console\\Kernel.php(447): Illuminate\\Foundation\\Application->bootstrapWith(Array)
#7 C:\\Users\\SamuelMachadoCardoso\\OneDrive - DUAPI SISTEMAS\\Documentos\\CRM\\laravel-crm-2.1\\laravel-crm-2.1\\vendor\\laravel\\framework\\src\\Illuminate\\Foundation\\Console\\Kernel.php(199): Illuminate\\Foundation\\Console\\Kernel->bootstrap()
#8 C:\\Users\\SamuelMachadoCardoso\\OneDrive - DUAPI SISTEMAS\\Documentos\\CRM\\laravel-crm-2.1\\laravel-crm-2.1\\artisan(35): Illuminate\\Foundation\\Console\\Kernel->handle(Object(Symfony\\Component\\Console\\Input\\ArgvInput), Object(Symfony\\Component\\Console\\Output\\ConsoleOutput))
#9 {main}
"} 
[2025-08-15 05:29:11] local.ERROR: The C:\Users\SamuelMachadoCardoso\OneDrive - DUAPI SISTEMAS\Documentos\CRM\laravel-crm-2.1\laravel-crm-2.1\bootstrap\cache directory must be present and writable. {"exception":"[object] (Exception(code: 0): The C:\\Users\\SamuelMachadoCardoso\\OneDrive - DUAPI SISTEMAS\\Documentos\\CRM\\laravel-crm-2.1\\laravel-crm-2.1\\bootstrap\\cache directory must be present and writable. at C:\\Users\\SamuelMachadoCardoso\\OneDrive - DUAPI SISTEMAS\\Documentos\\CRM\\laravel-crm-2.1\\laravel-crm-2.1\\vendor\\laravel\\framework\\src\\Illuminate\\Foundation\\PackageManifest.php:178)
[stacktrace]
#0 C:\\Users\\SamuelMachadoCardoso\\OneDrive - DUAPI SISTEMAS\\Documentos\\CRM\\laravel-crm-2.1\\laravel-crm-2.1\\vendor\\laravel\\framework\\src\\Illuminate\\Foundation\\PackageManifest.php(131): Illuminate\\Foundation\\PackageManifest->write(Array)
#1 C:\\Users\\SamuelMachadoCardoso\\OneDrive - DUAPI SISTEMAS\\Documentos\\CRM\\laravel-crm-2.1\\laravel-crm-2.1\\vendor\\laravel\\framework\\src\\Illuminate\\Foundation\\PackageManifest.php(107): Illuminate\\Foundation\\PackageManifest->build()
#2 C:\\Users\\SamuelMachadoCardoso\\OneDrive - DUAPI SISTEMAS\\Documentos\\CRM\\laravel-crm-2.1\\laravel-crm-2.1\\vendor\\laravel\\framework\\src\\Illuminate\\Foundation\\PackageManifest.php(90): Illuminate\\Foundation\\PackageManifest->getManifest()
#3 C:\\Users\\SamuelMachadoCardoso\\OneDrive - DUAPI SISTEMAS\\Documentos\\CRM\\laravel-crm-2.1\\laravel-crm-2.1\\vendor\\laravel\\framework\\src\\Illuminate\\Foundation\\PackageManifest.php(79): Illuminate\\Foundation\\PackageManifest->config('aliases')
#4 C:\\Users\\SamuelMachadoCardoso\\OneDrive - DUAPI SISTEMAS\\Documentos\\CRM\\laravel-crm-2.1\\laravel-crm-2.1\\vendor\\laravel\\framework\\src\\Illuminate\\Foundation\\Bootstrap\\RegisterFacades.php(26): Illuminate\\Foundation\\PackageManifest->aliases()
#5 C:\\Users\\SamuelMachadoCardoso\\OneDrive - DUAPI SISTEMAS\\Documentos\\CRM\\laravel-crm-2.1\\laravel-crm-2.1\\vendor\\laravel\\framework\\src\\Illuminate\\Foundation\\Application.php(286): Illuminate\\Foundation\\Bootstrap\\RegisterFacades->bootstrap(Object(Illuminate\\Foundation\\Application))
#6 C:\\Users\\SamuelMachadoCardoso\\OneDrive - DUAPI SISTEMAS\\Documentos\\CRM\\laravel-crm-2.1\\laravel-crm-2.1\\vendor\\laravel\\framework\\src\\Illuminate\\Foundation\\Console\\Kernel.php(447): Illuminate\\Foundation\\Application->bootstrapWith(Array)
#7 C:\\Users\\SamuelMachadoCardoso\\OneDrive - DUAPI SISTEMAS\\Documentos\\CRM\\laravel-crm-2.1\\laravel-crm-2.1\\vendor\\laravel\\framework\\src\\Illuminate\\Foundation\\Console\\Kernel.php(199): Illuminate\\Foundation\\Console\\Kernel->bootstrap()
#8 C:\\Users\\SamuelMachadoCardoso\\OneDrive - DUAPI SISTEMAS\\Documentos\\CRM\\laravel-crm-2.1\\laravel-crm-2.1\\artisan(35): Illuminate\\Foundation\\Console\\Kernel->handle(Object(Symfony\\Component\\Console\\Input\\ArgvInput), Object(Symfony\\Component\\Console\\Output\\ConsoleOutput))
#9 {main}
"} 
[2025-08-15 05:35:24] local.ERROR: The C:\CRM\crm\bootstrap\cache directory must be present and writable. {"exception":"[object] (Exception(code: 0): The C:\\CRM\\crm\\bootstrap\\cache directory must be present and writable. at C:\\CRM\\crm\\vendor\\laravel\\framework\\src\\Illuminate\\Foundation\\PackageManifest.php:178)
[stacktrace]
#0 C:\\CRM\\crm\\vendor\\laravel\\framework\\src\\Illuminate\\Foundation\\PackageManifest.php(131): Illuminate\\Foundation\\PackageManifest->write(Array)
#1 C:\\CRM\\crm\\vendor\\laravel\\framework\\src\\Illuminate\\Foundation\\PackageManifest.php(107): Illuminate\\Foundation\\PackageManifest->build()
#2 C:\\CRM\\crm\\vendor\\laravel\\framework\\src\\Illuminate\\Foundation\\PackageManifest.php(90): Illuminate\\Foundation\\PackageManifest->getManifest()
#3 C:\\CRM\\crm\\vendor\\laravel\\framework\\src\\Illuminate\\Foundation\\PackageManifest.php(79): Illuminate\\Foundation\\PackageManifest->config('aliases')
#4 C:\\CRM\\crm\\vendor\\laravel\\framework\\src\\Illuminate\\Foundation\\Bootstrap\\RegisterFacades.php(26): Illuminate\\Foundation\\PackageManifest->aliases()
#5 C:\\CRM\\crm\\vendor\\laravel\\framework\\src\\Illuminate\\Foundation\\Application.php(286): Illuminate\\Foundation\\Bootstrap\\RegisterFacades->bootstrap(Object(Illuminate\\Foundation\\Application))
#6 C:\\CRM\\crm\\vendor\\laravel\\framework\\src\\Illuminate\\Foundation\\Console\\Kernel.php(447): Illuminate\\Foundation\\Application->bootstrapWith(Array)
#7 C:\\CRM\\crm\\vendor\\laravel\\framework\\src\\Illuminate\\Foundation\\Console\\Kernel.php(199): Illuminate\\Foundation\\Console\\Kernel->bootstrap()
#8 C:\\CRM\\crm\\artisan(35): Illuminate\\Foundation\\Console\\Kernel->handle(Object(Symfony\\Component\\Console\\Input\\ArgvInput), Object(Symfony\\Component\\Console\\Output\\ConsoleOutput))
#9 {main}
"} 
[2025-08-15 05:35:56] local.ERROR: The C:\CRM\crm\bootstrap\cache directory must be present and writable. {"exception":"[object] (Exception(code: 0): The C:\\CRM\\crm\\bootstrap\\cache directory must be present and writable. at C:\\CRM\\crm\\vendor\\laravel\\framework\\src\\Illuminate\\Foundation\\PackageManifest.php:178)
[stacktrace]
#0 C:\\CRM\\crm\\vendor\\laravel\\framework\\src\\Illuminate\\Foundation\\PackageManifest.php(131): Illuminate\\Foundation\\PackageManifest->write(Array)
#1 C:\\CRM\\crm\\vendor\\laravel\\framework\\src\\Illuminate\\Foundation\\PackageManifest.php(107): Illuminate\\Foundation\\PackageManifest->build()
#2 C:\\CRM\\crm\\vendor\\laravel\\framework\\src\\Illuminate\\Foundation\\PackageManifest.php(90): Illuminate\\Foundation\\PackageManifest->getManifest()
#3 C:\\CRM\\crm\\vendor\\laravel\\framework\\src\\Illuminate\\Foundation\\PackageManifest.php(79): Illuminate\\Foundation\\PackageManifest->config('aliases')
#4 C:\\CRM\\crm\\vendor\\laravel\\framework\\src\\Illuminate\\Foundation\\Bootstrap\\RegisterFacades.php(26): Illuminate\\Foundation\\PackageManifest->aliases()
#5 C:\\CRM\\crm\\vendor\\laravel\\framework\\src\\Illuminate\\Foundation\\Application.php(286): Illuminate\\Foundation\\Bootstrap\\RegisterFacades->bootstrap(Object(Illuminate\\Foundation\\Application))
#6 C:\\CRM\\crm\\vendor\\laravel\\framework\\src\\Illuminate\\Foundation\\Console\\Kernel.php(447): Illuminate\\Foundation\\Application->bootstrapWith(Array)
#7 C:\\CRM\\crm\\vendor\\laravel\\framework\\src\\Illuminate\\Foundation\\Console\\Kernel.php(199): Illuminate\\Foundation\\Console\\Kernel->bootstrap()
#8 C:\\CRM\\crm\\artisan(35): Illuminate\\Foundation\\Console\\Kernel->handle(Object(Symfony\\Component\\Console\\Input\\ArgvInput), Object(Symfony\\Component\\Console\\Output\\ConsoleOutput))
#9 {main}
"} 
[2025-08-15 05:36:44] local.ERROR: The C:\CRM\crm\bootstrap\cache directory must be present and writable. {"exception":"[object] (Exception(code: 0): The C:\\CRM\\crm\\bootstrap\\cache directory must be present and writable. at C:\\CRM\\crm\\vendor\\laravel\\framework\\src\\Illuminate\\Foundation\\PackageManifest.php:178)
[stacktrace]
#0 C:\\CRM\\crm\\vendor\\laravel\\framework\\src\\Illuminate\\Foundation\\PackageManifest.php(131): Illuminate\\Foundation\\PackageManifest->write(Array)
#1 C:\\CRM\\crm\\vendor\\laravel\\framework\\src\\Illuminate\\Foundation\\PackageManifest.php(107): Illuminate\\Foundation\\PackageManifest->build()
#2 C:\\CRM\\crm\\vendor\\laravel\\framework\\src\\Illuminate\\Foundation\\PackageManifest.php(90): Illuminate\\Foundation\\PackageManifest->getManifest()
#3 C:\\CRM\\crm\\vendor\\laravel\\framework\\src\\Illuminate\\Foundation\\PackageManifest.php(79): Illuminate\\Foundation\\PackageManifest->config('aliases')
#4 C:\\CRM\\crm\\vendor\\laravel\\framework\\src\\Illuminate\\Foundation\\Bootstrap\\RegisterFacades.php(26): Illuminate\\Foundation\\PackageManifest->aliases()
#5 C:\\CRM\\crm\\vendor\\laravel\\framework\\src\\Illuminate\\Foundation\\Application.php(286): Illuminate\\Foundation\\Bootstrap\\RegisterFacades->bootstrap(Object(Illuminate\\Foundation\\Application))
#6 C:\\CRM\\crm\\vendor\\laravel\\framework\\src\\Illuminate\\Foundation\\Console\\Kernel.php(447): Illuminate\\Foundation\\Application->bootstrapWith(Array)
#7 C:\\CRM\\crm\\vendor\\laravel\\framework\\src\\Illuminate\\Foundation\\Console\\Kernel.php(199): Illuminate\\Foundation\\Console\\Kernel->bootstrap()
#8 C:\\CRM\\crm\\artisan(35): Illuminate\\Foundation\\Console\\Kernel->handle(Object(Symfony\\Component\\Console\\Input\\ArgvInput), Object(Symfony\\Component\\Console\\Output\\ConsoleOutput))
#9 {main}
"} 
[2025-08-15 05:37:13] local.ERROR: The C:\CRM\crm\bootstrap\cache directory must be present and writable. {"exception":"[object] (Exception(code: 0): The C:\\CRM\\crm\\bootstrap\\cache directory must be present and writable. at C:\\CRM\\crm\\vendor\\laravel\\framework\\src\\Illuminate\\Foundation\\PackageManifest.php:178)
[stacktrace]
#0 C:\\CRM\\crm\\vendor\\laravel\\framework\\src\\Illuminate\\Foundation\\PackageManifest.php(131): Illuminate\\Foundation\\PackageManifest->write(Array)
#1 C:\\CRM\\crm\\vendor\\laravel\\framework\\src\\Illuminate\\Foundation\\PackageManifest.php(107): Illuminate\\Foundation\\PackageManifest->build()
#2 C:\\CRM\\crm\\vendor\\laravel\\framework\\src\\Illuminate\\Foundation\\PackageManifest.php(90): Illuminate\\Foundation\\PackageManifest->getManifest()
#3 C:\\CRM\\crm\\vendor\\laravel\\framework\\src\\Illuminate\\Foundation\\PackageManifest.php(79): Illuminate\\Foundation\\PackageManifest->config('aliases')
#4 C:\\CRM\\crm\\vendor\\laravel\\framework\\src\\Illuminate\\Foundation\\Bootstrap\\RegisterFacades.php(26): Illuminate\\Foundation\\PackageManifest->aliases()
#5 C:\\CRM\\crm\\vendor\\laravel\\framework\\src\\Illuminate\\Foundation\\Application.php(286): Illuminate\\Foundation\\Bootstrap\\RegisterFacades->bootstrap(Object(Illuminate\\Foundation\\Application))
#6 C:\\CRM\\crm\\vendor\\laravel\\framework\\src\\Illuminate\\Foundation\\Console\\Kernel.php(447): Illuminate\\Foundation\\Application->bootstrapWith(Array)
#7 C:\\CRM\\crm\\vendor\\laravel\\framework\\src\\Illuminate\\Foundation\\Console\\Kernel.php(199): Illuminate\\Foundation\\Console\\Kernel->bootstrap()
#8 C:\\CRM\\crm\\artisan(35): Illuminate\\Foundation\\Console\\Kernel->handle(Object(Symfony\\Component\\Console\\Input\\ArgvInput), Object(Symfony\\Component\\Console\\Output\\ConsoleOutput))
#9 {main}
"} 
[2025-08-15 05:37:31] local.ERROR: The C:\CRM\crm\bootstrap\cache directory must be present and writable. {"exception":"[object] (Exception(code: 0): The C:\\CRM\\crm\\bootstrap\\cache directory must be present and writable. at C:\\CRM\\crm\\vendor\\laravel\\framework\\src\\Illuminate\\Foundation\\PackageManifest.php:178)
[stacktrace]
#0 C:\\CRM\\crm\\vendor\\laravel\\framework\\src\\Illuminate\\Foundation\\PackageManifest.php(131): Illuminate\\Foundation\\PackageManifest->write(Array)
#1 C:\\CRM\\crm\\vendor\\laravel\\framework\\src\\Illuminate\\Foundation\\PackageManifest.php(107): Illuminate\\Foundation\\PackageManifest->build()
#2 C:\\CRM\\crm\\vendor\\laravel\\framework\\src\\Illuminate\\Foundation\\PackageManifest.php(90): Illuminate\\Foundation\\PackageManifest->getManifest()
#3 C:\\CRM\\crm\\vendor\\laravel\\framework\\src\\Illuminate\\Foundation\\PackageManifest.php(79): Illuminate\\Foundation\\PackageManifest->config('aliases')
#4 C:\\CRM\\crm\\vendor\\laravel\\framework\\src\\Illuminate\\Foundation\\Bootstrap\\RegisterFacades.php(26): Illuminate\\Foundation\\PackageManifest->aliases()
#5 C:\\CRM\\crm\\vendor\\laravel\\framework\\src\\Illuminate\\Foundation\\Application.php(286): Illuminate\\Foundation\\Bootstrap\\RegisterFacades->bootstrap(Object(Illuminate\\Foundation\\Application))
#6 C:\\CRM\\crm\\vendor\\laravel\\framework\\src\\Illuminate\\Foundation\\Console\\Kernel.php(447): Illuminate\\Foundation\\Application->bootstrapWith(Array)
#7 C:\\CRM\\crm\\vendor\\laravel\\framework\\src\\Illuminate\\Foundation\\Console\\Kernel.php(199): Illuminate\\Foundation\\Console\\Kernel->bootstrap()
#8 C:\\CRM\\crm\\artisan(35): Illuminate\\Foundation\\Console\\Kernel->handle(Object(Symfony\\Component\\Console\\Input\\ArgvInput), Object(Symfony\\Component\\Console\\Output\\ConsoleOutput))
#9 {main}
"} 
[2025-08-15 05:52:40] local.ERROR: The C:\CRM\crm\bootstrap\cache directory must be present and writable. {"exception":"[object] (Exception(code: 0): The C:\\CRM\\crm\\bootstrap\\cache directory must be present and writable. at C:\\CRM\\crm\\vendor\\laravel\\framework\\src\\Illuminate\\Foundation\\PackageManifest.php:178)
[stacktrace]
#0 C:\\CRM\\crm\\vendor\\laravel\\framework\\src\\Illuminate\\Foundation\\PackageManifest.php(131): Illuminate\\Foundation\\PackageManifest->write(Array)
#1 C:\\CRM\\crm\\vendor\\laravel\\framework\\src\\Illuminate\\Foundation\\PackageManifest.php(107): Illuminate\\Foundation\\PackageManifest->build()
#2 C:\\CRM\\crm\\vendor\\laravel\\framework\\src\\Illuminate\\Foundation\\PackageManifest.php(90): Illuminate\\Foundation\\PackageManifest->getManifest()
#3 C:\\CRM\\crm\\vendor\\laravel\\framework\\src\\Illuminate\\Foundation\\PackageManifest.php(79): Illuminate\\Foundation\\PackageManifest->config('aliases')
#4 C:\\CRM\\crm\\vendor\\laravel\\framework\\src\\Illuminate\\Foundation\\Bootstrap\\RegisterFacades.php(26): Illuminate\\Foundation\\PackageManifest->aliases()
#5 C:\\CRM\\crm\\vendor\\laravel\\framework\\src\\Illuminate\\Foundation\\Application.php(286): Illuminate\\Foundation\\Bootstrap\\RegisterFacades->bootstrap(Object(Illuminate\\Foundation\\Application))
#6 C:\\CRM\\crm\\vendor\\laravel\\framework\\src\\Illuminate\\Foundation\\Console\\Kernel.php(447): Illuminate\\Foundation\\Application->bootstrapWith(Array)
#7 C:\\CRM\\crm\\vendor\\laravel\\framework\\src\\Illuminate\\Foundation\\Console\\Kernel.php(199): Illuminate\\Foundation\\Console\\Kernel->bootstrap()
#8 C:\\CRM\\crm\\artisan(35): Illuminate\\Foundation\\Console\\Kernel->handle(Object(Symfony\\Component\\Console\\Input\\ArgvInput), Object(Symfony\\Component\\Console\\Output\\ConsoleOutput))
#9 {main}
"} 
[2025-08-15 05:53:35] local.ERROR: The C:\CRM\crm\bootstrap\cache directory must be present and writable. {"exception":"[object] (Exception(code: 0): The C:\\CRM\\crm\\bootstrap\\cache directory must be present and writable. at C:\\CRM\\crm\\vendor\\laravel\\framework\\src\\Illuminate\\Foundation\\PackageManifest.php:178)
[stacktrace]
#0 C:\\CRM\\crm\\vendor\\laravel\\framework\\src\\Illuminate\\Foundation\\PackageManifest.php(131): Illuminate\\Foundation\\PackageManifest->write(Array)
#1 C:\\CRM\\crm\\vendor\\laravel\\framework\\src\\Illuminate\\Foundation\\PackageManifest.php(107): Illuminate\\Foundation\\PackageManifest->build()
#2 C:\\CRM\\crm\\vendor\\laravel\\framework\\src\\Illuminate\\Foundation\\PackageManifest.php(90): Illuminate\\Foundation\\PackageManifest->getManifest()
#3 C:\\CRM\\crm\\vendor\\laravel\\framework\\src\\Illuminate\\Foundation\\PackageManifest.php(79): Illuminate\\Foundation\\PackageManifest->config('aliases')
#4 C:\\CRM\\crm\\vendor\\laravel\\framework\\src\\Illuminate\\Foundation\\Bootstrap\\RegisterFacades.php(26): Illuminate\\Foundation\\PackageManifest->aliases()
#5 C:\\CRM\\crm\\vendor\\laravel\\framework\\src\\Illuminate\\Foundation\\Application.php(286): Illuminate\\Foundation\\Bootstrap\\RegisterFacades->bootstrap(Object(Illuminate\\Foundation\\Application))
#6 C:\\CRM\\crm\\vendor\\laravel\\framework\\src\\Illuminate\\Foundation\\Console\\Kernel.php(447): Illuminate\\Foundation\\Application->bootstrapWith(Array)
#7 C:\\CRM\\crm\\vendor\\laravel\\framework\\src\\Illuminate\\Foundation\\Console\\Kernel.php(199): Illuminate\\Foundation\\Console\\Kernel->bootstrap()
#8 C:\\CRM\\crm\\artisan(35): Illuminate\\Foundation\\Console\\Kernel->handle(Object(Symfony\\Component\\Console\\Input\\ArgvInput), Object(Symfony\\Component\\Console\\Output\\ConsoleOutput))
#9 {main}
"} 
[2025-08-15 05:54:43] local.ERROR: The C:\CRM\crm\bootstrap\cache directory must be present and writable. {"exception":"[object] (Exception(code: 0): The C:\\CRM\\crm\\bootstrap\\cache directory must be present and writable. at C:\\CRM\\crm\\vendor\\laravel\\framework\\src\\Illuminate\\Foundation\\PackageManifest.php:178)
[stacktrace]
#0 C:\\CRM\\crm\\vendor\\laravel\\framework\\src\\Illuminate\\Foundation\\PackageManifest.php(131): Illuminate\\Foundation\\PackageManifest->write(Array)
#1 C:\\CRM\\crm\\vendor\\laravel\\framework\\src\\Illuminate\\Foundation\\PackageManifest.php(107): Illuminate\\Foundation\\PackageManifest->build()
#2 C:\\CRM\\crm\\vendor\\laravel\\framework\\src\\Illuminate\\Foundation\\PackageManifest.php(90): Illuminate\\Foundation\\PackageManifest->getManifest()
#3 C:\\CRM\\crm\\vendor\\laravel\\framework\\src\\Illuminate\\Foundation\\PackageManifest.php(79): Illuminate\\Foundation\\PackageManifest->config('aliases')
#4 C:\\CRM\\crm\\vendor\\laravel\\framework\\src\\Illuminate\\Foundation\\Bootstrap\\RegisterFacades.php(26): Illuminate\\Foundation\\PackageManifest->aliases()
#5 C:\\CRM\\crm\\vendor\\laravel\\framework\\src\\Illuminate\\Foundation\\Application.php(286): Illuminate\\Foundation\\Bootstrap\\RegisterFacades->bootstrap(Object(Illuminate\\Foundation\\Application))
#6 C:\\CRM\\crm\\vendor\\laravel\\framework\\src\\Illuminate\\Foundation\\Console\\Kernel.php(447): Illuminate\\Foundation\\Application->bootstrapWith(Array)
#7 C:\\CRM\\crm\\vendor\\laravel\\framework\\src\\Illuminate\\Foundation\\Console\\Kernel.php(199): Illuminate\\Foundation\\Console\\Kernel->bootstrap()
#8 C:\\CRM\\crm\\artisan(35): Illuminate\\Foundation\\Console\\Kernel->handle(Object(Symfony\\Component\\Console\\Input\\ArgvInput), Object(Symfony\\Component\\Console\\Output\\ConsoleOutput))
#9 {main}
"} 
[2025-08-15 05:55:29] local.ERROR: The C:\CRM\crm\bootstrap\cache directory must be present and writable. {"exception":"[object] (Exception(code: 0): The C:\\CRM\\crm\\bootstrap\\cache directory must be present and writable. at C:\\CRM\\crm\\vendor\\laravel\\framework\\src\\Illuminate\\Foundation\\PackageManifest.php:178)
[stacktrace]
#0 C:\\CRM\\crm\\vendor\\laravel\\framework\\src\\Illuminate\\Foundation\\PackageManifest.php(131): Illuminate\\Foundation\\PackageManifest->write(Array)
#1 C:\\CRM\\crm\\vendor\\laravel\\framework\\src\\Illuminate\\Foundation\\PackageManifest.php(107): Illuminate\\Foundation\\PackageManifest->build()
#2 C:\\CRM\\crm\\vendor\\laravel\\framework\\src\\Illuminate\\Foundation\\PackageManifest.php(90): Illuminate\\Foundation\\PackageManifest->getManifest()
#3 C:\\CRM\\crm\\vendor\\laravel\\framework\\src\\Illuminate\\Foundation\\PackageManifest.php(79): Illuminate\\Foundation\\PackageManifest->config('aliases')
#4 C:\\CRM\\crm\\vendor\\laravel\\framework\\src\\Illuminate\\Foundation\\Bootstrap\\RegisterFacades.php(26): Illuminate\\Foundation\\PackageManifest->aliases()
#5 C:\\CRM\\crm\\vendor\\laravel\\framework\\src\\Illuminate\\Foundation\\Application.php(286): Illuminate\\Foundation\\Bootstrap\\RegisterFacades->bootstrap(Object(Illuminate\\Foundation\\Application))
#6 C:\\CRM\\crm\\vendor\\laravel\\framework\\src\\Illuminate\\Foundation\\Console\\Kernel.php(447): Illuminate\\Foundation\\Application->bootstrapWith(Array)
#7 C:\\CRM\\crm\\vendor\\laravel\\framework\\src\\Illuminate\\Foundation\\Console\\Kernel.php(199): Illuminate\\Foundation\\Console\\Kernel->bootstrap()
#8 C:\\CRM\\crm\\artisan(35): Illuminate\\Foundation\\Console\\Kernel->handle(Object(Symfony\\Component\\Console\\Input\\ArgvInput), Object(Symfony\\Component\\Console\\Output\\ConsoleOutput))
#9 {main}
"} 
[2025-08-15 05:57:34] local.ERROR: The C:\CRM\crm\bootstrap\cache directory must be present and writable. {"exception":"[object] (Exception(code: 0): The C:\\CRM\\crm\\bootstrap\\cache directory must be present and writable. at C:\\CRM\\crm\\vendor\\laravel\\framework\\src\\Illuminate\\Foundation\\PackageManifest.php:178)
[stacktrace]
#0 C:\\CRM\\crm\\vendor\\laravel\\framework\\src\\Illuminate\\Foundation\\PackageManifest.php(131): Illuminate\\Foundation\\PackageManifest->write(Array)
#1 C:\\CRM\\crm\\vendor\\laravel\\framework\\src\\Illuminate\\Foundation\\PackageManifest.php(107): Illuminate\\Foundation\\PackageManifest->build()
#2 C:\\CRM\\crm\\vendor\\laravel\\framework\\src\\Illuminate\\Foundation\\PackageManifest.php(90): Illuminate\\Foundation\\PackageManifest->getManifest()
#3 C:\\CRM\\crm\\vendor\\laravel\\framework\\src\\Illuminate\\Foundation\\PackageManifest.php(79): Illuminate\\Foundation\\PackageManifest->config('aliases')
#4 C:\\CRM\\crm\\vendor\\laravel\\framework\\src\\Illuminate\\Foundation\\Bootstrap\\RegisterFacades.php(26): Illuminate\\Foundation\\PackageManifest->aliases()
#5 C:\\CRM\\crm\\vendor\\laravel\\framework\\src\\Illuminate\\Foundation\\Application.php(286): Illuminate\\Foundation\\Bootstrap\\RegisterFacades->bootstrap(Object(Illuminate\\Foundation\\Application))
#6 C:\\CRM\\crm\\vendor\\laravel\\framework\\src\\Illuminate\\Foundation\\Console\\Kernel.php(447): Illuminate\\Foundation\\Application->bootstrapWith(Array)
#7 C:\\CRM\\crm\\vendor\\laravel\\framework\\src\\Illuminate\\Foundation\\Console\\Kernel.php(199): Illuminate\\Foundation\\Console\\Kernel->bootstrap()
#8 C:\\CRM\\crm\\artisan(35): Illuminate\\Foundation\\Console\\Kernel->handle(Object(Symfony\\Component\\Console\\Input\\ArgvInput), Object(Symfony\\Component\\Console\\Output\\ConsoleOutput))
#9 {main}
"} 
[2025-08-15 06:03:31] local.ERROR: The C:\CRM\crm\bootstrap\cache directory must be present and writable. {"exception":"[object] (Exception(code: 0): The C:\\CRM\\crm\\bootstrap\\cache directory must be present and writable. at C:\\CRM\\crm\\vendor\\laravel\\framework\\src\\Illuminate\\Foundation\\PackageManifest.php:178)
[stacktrace]
#0 C:\\CRM\\crm\\vendor\\laravel\\framework\\src\\Illuminate\\Foundation\\PackageManifest.php(131): Illuminate\\Foundation\\PackageManifest->write(Array)
#1 C:\\CRM\\crm\\vendor\\laravel\\framework\\src\\Illuminate\\Foundation\\PackageManifest.php(107): Illuminate\\Foundation\\PackageManifest->build()
#2 C:\\CRM\\crm\\vendor\\laravel\\framework\\src\\Illuminate\\Foundation\\PackageManifest.php(90): Illuminate\\Foundation\\PackageManifest->getManifest()
#3 C:\\CRM\\crm\\vendor\\laravel\\framework\\src\\Illuminate\\Foundation\\PackageManifest.php(79): Illuminate\\Foundation\\PackageManifest->config('aliases')
#4 C:\\CRM\\crm\\vendor\\laravel\\framework\\src\\Illuminate\\Foundation\\Bootstrap\\RegisterFacades.php(26): Illuminate\\Foundation\\PackageManifest->aliases()
#5 C:\\CRM\\crm\\vendor\\laravel\\framework\\src\\Illuminate\\Foundation\\Application.php(286): Illuminate\\Foundation\\Bootstrap\\RegisterFacades->bootstrap(Object(Illuminate\\Foundation\\Application))
#6 C:\\CRM\\crm\\vendor\\laravel\\framework\\src\\Illuminate\\Foundation\\Console\\Kernel.php(447): Illuminate\\Foundation\\Application->bootstrapWith(Array)
#7 C:\\CRM\\crm\\vendor\\laravel\\framework\\src\\Illuminate\\Foundation\\Console\\Kernel.php(199): Illuminate\\Foundation\\Console\\Kernel->bootstrap()
#8 C:\\CRM\\crm\\artisan(35): Illuminate\\Foundation\\Console\\Kernel->handle(Object(Symfony\\Component\\Console\\Input\\ArgvInput), Object(Symfony\\Component\\Console\\Output\\ConsoleOutput))
#9 {main}
"} 
[2025-08-15 06:03:31] local.ERROR: The C:\CRM\crm\bootstrap\cache directory must be present and writable. {"exception":"[object] (Exception(code: 0): The C:\\CRM\\crm\\bootstrap\\cache directory must be present and writable. at C:\\CRM\\crm\\vendor\\laravel\\framework\\src\\Illuminate\\Foundation\\PackageManifest.php:178)
[stacktrace]
#0 C:\\CRM\\crm\\vendor\\laravel\\framework\\src\\Illuminate\\Foundation\\PackageManifest.php(131): Illuminate\\Foundation\\PackageManifest->write(Array)
#1 C:\\CRM\\crm\\vendor\\laravel\\framework\\src\\Illuminate\\Foundation\\PackageManifest.php(107): Illuminate\\Foundation\\PackageManifest->build()
#2 C:\\CRM\\crm\\vendor\\laravel\\framework\\src\\Illuminate\\Foundation\\PackageManifest.php(90): Illuminate\\Foundation\\PackageManifest->getManifest()
#3 C:\\CRM\\crm\\vendor\\laravel\\framework\\src\\Illuminate\\Foundation\\PackageManifest.php(79): Illuminate\\Foundation\\PackageManifest->config('aliases')
#4 C:\\CRM\\crm\\vendor\\laravel\\framework\\src\\Illuminate\\Foundation\\Bootstrap\\RegisterFacades.php(26): Illuminate\\Foundation\\PackageManifest->aliases()
#5 C:\\CRM\\crm\\vendor\\laravel\\framework\\src\\Illuminate\\Foundation\\Application.php(286): Illuminate\\Foundation\\Bootstrap\\RegisterFacades->bootstrap(Object(Illuminate\\Foundation\\Application))
#6 C:\\CRM\\crm\\vendor\\laravel\\framework\\src\\Illuminate\\Foundation\\Console\\Kernel.php(447): Illuminate\\Foundation\\Application->bootstrapWith(Array)
#7 C:\\CRM\\crm\\vendor\\laravel\\framework\\src\\Illuminate\\Foundation\\Console\\Kernel.php(199): Illuminate\\Foundation\\Console\\Kernel->bootstrap()
#8 C:\\CRM\\crm\\artisan(35): Illuminate\\Foundation\\Console\\Kernel->handle(Object(Symfony\\Component\\Console\\Input\\ArgvInput), Object(Symfony\\Component\\Console\\Output\\ConsoleOutput))
#9 {main}
"} 
[2025-08-15 06:03:32] local.ERROR: The C:\CRM\crm\bootstrap\cache directory must be present and writable. {"exception":"[object] (Exception(code: 0): The C:\\CRM\\crm\\bootstrap\\cache directory must be present and writable. at C:\\CRM\\crm\\vendor\\laravel\\framework\\src\\Illuminate\\Foundation\\PackageManifest.php:178)
[stacktrace]
#0 C:\\CRM\\crm\\vendor\\laravel\\framework\\src\\Illuminate\\Foundation\\PackageManifest.php(131): Illuminate\\Foundation\\PackageManifest->write(Array)
#1 C:\\CRM\\crm\\vendor\\laravel\\framework\\src\\Illuminate\\Foundation\\PackageManifest.php(107): Illuminate\\Foundation\\PackageManifest->build()
#2 C:\\CRM\\crm\\vendor\\laravel\\framework\\src\\Illuminate\\Foundation\\PackageManifest.php(90): Illuminate\\Foundation\\PackageManifest->getManifest()
#3 C:\\CRM\\crm\\vendor\\laravel\\framework\\src\\Illuminate\\Foundation\\PackageManifest.php(79): Illuminate\\Foundation\\PackageManifest->config('aliases')
#4 C:\\CRM\\crm\\vendor\\laravel\\framework\\src\\Illuminate\\Foundation\\Bootstrap\\RegisterFacades.php(26): Illuminate\\Foundation\\PackageManifest->aliases()
#5 C:\\CRM\\crm\\vendor\\laravel\\framework\\src\\Illuminate\\Foundation\\Application.php(286): Illuminate\\Foundation\\Bootstrap\\RegisterFacades->bootstrap(Object(Illuminate\\Foundation\\Application))
#6 C:\\CRM\\crm\\vendor\\laravel\\framework\\src\\Illuminate\\Foundation\\Console\\Kernel.php(447): Illuminate\\Foundation\\Application->bootstrapWith(Array)
#7 C:\\CRM\\crm\\vendor\\laravel\\framework\\src\\Illuminate\\Foundation\\Console\\Kernel.php(199): Illuminate\\Foundation\\Console\\Kernel->bootstrap()
#8 C:\\CRM\\crm\\artisan(35): Illuminate\\Foundation\\Console\\Kernel->handle(Object(Symfony\\Component\\Console\\Input\\ArgvInput), Object(Symfony\\Component\\Console\\Output\\ConsoleOutput))
#9 {main}
"} 
[2025-08-15 06:11:54] local.ERROR: The C:\CRM\crm\bootstrap\cache directory must be present and writable. {"exception":"[object] (Exception(code: 0): The C:\\CRM\\crm\\bootstrap\\cache directory must be present and writable. at C:\\CRM\\crm\\vendor\\laravel\\framework\\src\\Illuminate\\Foundation\\PackageManifest.php:178)
[stacktrace]
#0 C:\\CRM\\crm\\vendor\\laravel\\framework\\src\\Illuminate\\Foundation\\PackageManifest.php(131): Illuminate\\Foundation\\PackageManifest->write(Array)
#1 C:\\CRM\\crm\\vendor\\laravel\\framework\\src\\Illuminate\\Foundation\\PackageManifest.php(107): Illuminate\\Foundation\\PackageManifest->build()
#2 C:\\CRM\\crm\\vendor\\laravel\\framework\\src\\Illuminate\\Foundation\\PackageManifest.php(90): Illuminate\\Foundation\\PackageManifest->getManifest()
#3 C:\\CRM\\crm\\vendor\\laravel\\framework\\src\\Illuminate\\Foundation\\PackageManifest.php(79): Illuminate\\Foundation\\PackageManifest->config('aliases')
#4 C:\\CRM\\crm\\vendor\\laravel\\framework\\src\\Illuminate\\Foundation\\Bootstrap\\RegisterFacades.php(26): Illuminate\\Foundation\\PackageManifest->aliases()
#5 C:\\CRM\\crm\\vendor\\laravel\\framework\\src\\Illuminate\\Foundation\\Application.php(286): Illuminate\\Foundation\\Bootstrap\\RegisterFacades->bootstrap(Object(Illuminate\\Foundation\\Application))
#6 C:\\CRM\\crm\\vendor\\laravel\\framework\\src\\Illuminate\\Foundation\\Console\\Kernel.php(447): Illuminate\\Foundation\\Application->bootstrapWith(Array)
#7 C:\\CRM\\crm\\vendor\\laravel\\framework\\src\\Illuminate\\Foundation\\Console\\Kernel.php(199): Illuminate\\Foundation\\Console\\Kernel->bootstrap()
#8 C:\\CRM\\crm\\artisan(35): Illuminate\\Foundation\\Console\\Kernel->handle(Object(Symfony\\Component\\Console\\Input\\ArgvInput), Object(Symfony\\Component\\Console\\Output\\ConsoleOutput))
#9 {main}
"} 
[2025-08-15 06:11:54] local.ERROR: The C:\CRM\crm\bootstrap\cache directory must be present and writable. {"exception":"[object] (Exception(code: 0): The C:\\CRM\\crm\\bootstrap\\cache directory must be present and writable. at C:\\CRM\\crm\\vendor\\laravel\\framework\\src\\Illuminate\\Foundation\\PackageManifest.php:178)
[stacktrace]
#0 C:\\CRM\\crm\\vendor\\laravel\\framework\\src\\Illuminate\\Foundation\\PackageManifest.php(131): Illuminate\\Foundation\\PackageManifest->write(Array)
#1 C:\\CRM\\crm\\vendor\\laravel\\framework\\src\\Illuminate\\Foundation\\PackageManifest.php(107): Illuminate\\Foundation\\PackageManifest->build()
#2 C:\\CRM\\crm\\vendor\\laravel\\framework\\src\\Illuminate\\Foundation\\PackageManifest.php(90): Illuminate\\Foundation\\PackageManifest->getManifest()
#3 C:\\CRM\\crm\\vendor\\laravel\\framework\\src\\Illuminate\\Foundation\\PackageManifest.php(79): Illuminate\\Foundation\\PackageManifest->config('aliases')
#4 C:\\CRM\\crm\\vendor\\laravel\\framework\\src\\Illuminate\\Foundation\\Bootstrap\\RegisterFacades.php(26): Illuminate\\Foundation\\PackageManifest->aliases()
#5 C:\\CRM\\crm\\vendor\\laravel\\framework\\src\\Illuminate\\Foundation\\Application.php(286): Illuminate\\Foundation\\Bootstrap\\RegisterFacades->bootstrap(Object(Illuminate\\Foundation\\Application))
#6 C:\\CRM\\crm\\vendor\\laravel\\framework\\src\\Illuminate\\Foundation\\Console\\Kernel.php(447): Illuminate\\Foundation\\Application->bootstrapWith(Array)
#7 C:\\CRM\\crm\\vendor\\laravel\\framework\\src\\Illuminate\\Foundation\\Console\\Kernel.php(199): Illuminate\\Foundation\\Console\\Kernel->bootstrap()
#8 C:\\CRM\\crm\\artisan(35): Illuminate\\Foundation\\Console\\Kernel->handle(Object(Symfony\\Component\\Console\\Input\\ArgvInput), Object(Symfony\\Component\\Console\\Output\\ConsoleOutput))
#9 {main}
"} 
[2025-08-15 06:11:54] local.ERROR: The C:\CRM\crm\bootstrap\cache directory must be present and writable. {"exception":"[object] (Exception(code: 0): The C:\\CRM\\crm\\bootstrap\\cache directory must be present and writable. at C:\\CRM\\crm\\vendor\\laravel\\framework\\src\\Illuminate\\Foundation\\PackageManifest.php:178)
[stacktrace]
#0 C:\\CRM\\crm\\vendor\\laravel\\framework\\src\\Illuminate\\Foundation\\PackageManifest.php(131): Illuminate\\Foundation\\PackageManifest->write(Array)
#1 C:\\CRM\\crm\\vendor\\laravel\\framework\\src\\Illuminate\\Foundation\\PackageManifest.php(107): Illuminate\\Foundation\\PackageManifest->build()
#2 C:\\CRM\\crm\\vendor\\laravel\\framework\\src\\Illuminate\\Foundation\\PackageManifest.php(90): Illuminate\\Foundation\\PackageManifest->getManifest()
#3 C:\\CRM\\crm\\vendor\\laravel\\framework\\src\\Illuminate\\Foundation\\PackageManifest.php(79): Illuminate\\Foundation\\PackageManifest->config('aliases')
#4 C:\\CRM\\crm\\vendor\\laravel\\framework\\src\\Illuminate\\Foundation\\Bootstrap\\RegisterFacades.php(26): Illuminate\\Foundation\\PackageManifest->aliases()
#5 C:\\CRM\\crm\\vendor\\laravel\\framework\\src\\Illuminate\\Foundation\\Application.php(286): Illuminate\\Foundation\\Bootstrap\\RegisterFacades->bootstrap(Object(Illuminate\\Foundation\\Application))
#6 C:\\CRM\\crm\\vendor\\laravel\\framework\\src\\Illuminate\\Foundation\\Console\\Kernel.php(447): Illuminate\\Foundation\\Application->bootstrapWith(Array)
#7 C:\\CRM\\crm\\vendor\\laravel\\framework\\src\\Illuminate\\Foundation\\Console\\Kernel.php(199): Illuminate\\Foundation\\Console\\Kernel->bootstrap()
#8 C:\\CRM\\crm\\artisan(35): Illuminate\\Foundation\\Console\\Kernel->handle(Object(Symfony\\Component\\Console\\Input\\ArgvInput), Object(Symfony\\Component\\Console\\Output\\ConsoleOutput))
#9 {main}
"} 
[2025-08-15 06:11:57] local.ERROR: The C:\CRM\crm\bootstrap\cache directory must be present and writable. {"exception":"[object] (Exception(code: 0): The C:\\CRM\\crm\\bootstrap\\cache directory must be present and writable. at C:\\CRM\\crm\\vendor\\laravel\\framework\\src\\Illuminate\\Foundation\\PackageManifest.php:178)
[stacktrace]
#0 C:\\CRM\\crm\\vendor\\laravel\\framework\\src\\Illuminate\\Foundation\\PackageManifest.php(131): Illuminate\\Foundation\\PackageManifest->write(Array)
#1 C:\\CRM\\crm\\vendor\\laravel\\framework\\src\\Illuminate\\Foundation\\PackageManifest.php(107): Illuminate\\Foundation\\PackageManifest->build()
#2 C:\\CRM\\crm\\vendor\\laravel\\framework\\src\\Illuminate\\Foundation\\PackageManifest.php(90): Illuminate\\Foundation\\PackageManifest->getManifest()
#3 C:\\CRM\\crm\\vendor\\laravel\\framework\\src\\Illuminate\\Foundation\\PackageManifest.php(79): Illuminate\\Foundation\\PackageManifest->config('aliases')
#4 C:\\CRM\\crm\\vendor\\laravel\\framework\\src\\Illuminate\\Foundation\\Bootstrap\\RegisterFacades.php(26): Illuminate\\Foundation\\PackageManifest->aliases()
#5 C:\\CRM\\crm\\vendor\\laravel\\framework\\src\\Illuminate\\Foundation\\Application.php(286): Illuminate\\Foundation\\Bootstrap\\RegisterFacades->bootstrap(Object(Illuminate\\Foundation\\Application))
#6 C:\\CRM\\crm\\vendor\\laravel\\framework\\src\\Illuminate\\Foundation\\Console\\Kernel.php(447): Illuminate\\Foundation\\Application->bootstrapWith(Array)
#7 C:\\CRM\\crm\\vendor\\laravel\\framework\\src\\Illuminate\\Foundation\\Console\\Kernel.php(199): Illuminate\\Foundation\\Console\\Kernel->bootstrap()
#8 C:\\CRM\\crm\\artisan(35): Illuminate\\Foundation\\Console\\Kernel->handle(Object(Symfony\\Component\\Console\\Input\\ArgvInput), Object(Symfony\\Component\\Console\\Output\\ConsoleOutput))
#9 {main}
"} 
[2025-08-15 06:14:43] local.ERROR: The C:\CRM\crm\bootstrap\cache directory must be present and writable. {"exception":"[object] (Exception(code: 0): The C:\\CRM\\crm\\bootstrap\\cache directory must be present and writable. at C:\\CRM\\crm\\vendor\\laravel\\framework\\src\\Illuminate\\Foundation\\PackageManifest.php:178)
[stacktrace]
#0 C:\\CRM\\crm\\vendor\\laravel\\framework\\src\\Illuminate\\Foundation\\PackageManifest.php(131): Illuminate\\Foundation\\PackageManifest->write(Array)
#1 C:\\CRM\\crm\\vendor\\laravel\\framework\\src\\Illuminate\\Foundation\\PackageManifest.php(107): Illuminate\\Foundation\\PackageManifest->build()
#2 C:\\CRM\\crm\\vendor\\laravel\\framework\\src\\Illuminate\\Foundation\\PackageManifest.php(90): Illuminate\\Foundation\\PackageManifest->getManifest()
#3 C:\\CRM\\crm\\vendor\\laravel\\framework\\src\\Illuminate\\Foundation\\PackageManifest.php(79): Illuminate\\Foundation\\PackageManifest->config('aliases')
#4 C:\\CRM\\crm\\vendor\\laravel\\framework\\src\\Illuminate\\Foundation\\Bootstrap\\RegisterFacades.php(26): Illuminate\\Foundation\\PackageManifest->aliases()
#5 C:\\CRM\\crm\\vendor\\laravel\\framework\\src\\Illuminate\\Foundation\\Application.php(286): Illuminate\\Foundation\\Bootstrap\\RegisterFacades->bootstrap(Object(Illuminate\\Foundation\\Application))
#6 C:\\CRM\\crm\\vendor\\laravel\\framework\\src\\Illuminate\\Foundation\\Console\\Kernel.php(447): Illuminate\\Foundation\\Application->bootstrapWith(Array)
#7 C:\\CRM\\crm\\vendor\\laravel\\framework\\src\\Illuminate\\Foundation\\Console\\Kernel.php(199): Illuminate\\Foundation\\Console\\Kernel->bootstrap()
#8 C:\\CRM\\crm\\artisan(35): Illuminate\\Foundation\\Console\\Kernel->handle(Object(Symfony\\Component\\Console\\Input\\ArgvInput), Object(Symfony\\Component\\Console\\Output\\ConsoleOutput))
#9 {main}
"} 
[2025-08-15 06:14:57] local.ERROR: The C:\CRM\crm\bootstrap\cache directory must be present and writable. {"exception":"[object] (Exception(code: 0): The C:\\CRM\\crm\\bootstrap\\cache directory must be present and writable. at C:\\CRM\\crm\\vendor\\laravel\\framework\\src\\Illuminate\\Foundation\\PackageManifest.php:178)
[stacktrace]
#0 C:\\CRM\\crm\\vendor\\laravel\\framework\\src\\Illuminate\\Foundation\\PackageManifest.php(131): Illuminate\\Foundation\\PackageManifest->write(Array)
#1 C:\\CRM\\crm\\vendor\\laravel\\framework\\src\\Illuminate\\Foundation\\PackageManifest.php(107): Illuminate\\Foundation\\PackageManifest->build()
#2 C:\\CRM\\crm\\vendor\\laravel\\framework\\src\\Illuminate\\Foundation\\PackageManifest.php(90): Illuminate\\Foundation\\PackageManifest->getManifest()
#3 C:\\CRM\\crm\\vendor\\laravel\\framework\\src\\Illuminate\\Foundation\\PackageManifest.php(79): Illuminate\\Foundation\\PackageManifest->config('aliases')
#4 C:\\CRM\\crm\\vendor\\laravel\\framework\\src\\Illuminate\\Foundation\\Bootstrap\\RegisterFacades.php(26): Illuminate\\Foundation\\PackageManifest->aliases()
#5 C:\\CRM\\crm\\vendor\\laravel\\framework\\src\\Illuminate\\Foundation\\Application.php(286): Illuminate\\Foundation\\Bootstrap\\RegisterFacades->bootstrap(Object(Illuminate\\Foundation\\Application))
#6 C:\\CRM\\crm\\vendor\\laravel\\framework\\src\\Illuminate\\Foundation\\Console\\Kernel.php(447): Illuminate\\Foundation\\Application->bootstrapWith(Array)
#7 C:\\CRM\\crm\\vendor\\laravel\\framework\\src\\Illuminate\\Foundation\\Console\\Kernel.php(199): Illuminate\\Foundation\\Console\\Kernel->bootstrap()
#8 C:\\CRM\\crm\\artisan(35): Illuminate\\Foundation\\Console\\Kernel->handle(Object(Symfony\\Component\\Console\\Input\\ArgvInput), Object(Symfony\\Component\\Console\\Output\\ConsoleOutput))
#9 {main}
"} 
[2025-08-15 22:03:28] local.ERROR: The C:\CRM\crm\bootstrap\cache directory must be present and writable. {"exception":"[object] (Exception(code: 0): The C:\\CRM\\crm\\bootstrap\\cache directory must be present and writable. at C:\\CRM\\crm\\vendor\\laravel\\framework\\src\\Illuminate\\Foundation\\PackageManifest.php:178)
[stacktrace]
#0 C:\\CRM\\crm\\vendor\\laravel\\framework\\src\\Illuminate\\Foundation\\PackageManifest.php(131): Illuminate\\Foundation\\PackageManifest->write(Array)
#1 C:\\CRM\\crm\\vendor\\laravel\\framework\\src\\Illuminate\\Foundation\\PackageManifest.php(107): Illuminate\\Foundation\\PackageManifest->build()
#2 C:\\CRM\\crm\\vendor\\laravel\\framework\\src\\Illuminate\\Foundation\\PackageManifest.php(90): Illuminate\\Foundation\\PackageManifest->getManifest()
#3 C:\\CRM\\crm\\vendor\\laravel\\framework\\src\\Illuminate\\Foundation\\PackageManifest.php(79): Illuminate\\Foundation\\PackageManifest->config('aliases')
#4 C:\\CRM\\crm\\vendor\\laravel\\framework\\src\\Illuminate\\Foundation\\Bootstrap\\RegisterFacades.php(26): Illuminate\\Foundation\\PackageManifest->aliases()
#5 C:\\CRM\\crm\\vendor\\laravel\\framework\\src\\Illuminate\\Foundation\\Application.php(286): Illuminate\\Foundation\\Bootstrap\\RegisterFacades->bootstrap(Object(Illuminate\\Foundation\\Application))
#6 C:\\CRM\\crm\\vendor\\laravel\\framework\\src\\Illuminate\\Foundation\\Console\\Kernel.php(447): Illuminate\\Foundation\\Application->bootstrapWith(Array)
#7 C:\\CRM\\crm\\vendor\\laravel\\framework\\src\\Illuminate\\Foundation\\Console\\Kernel.php(199): Illuminate\\Foundation\\Console\\Kernel->bootstrap()
#8 C:\\CRM\\crm\\artisan(35): Illuminate\\Foundation\\Console\\Kernel->handle(Object(Symfony\\Component\\Console\\Input\\ArgvInput), Object(Symfony\\Component\\Console\\Output\\ConsoleOutput))
#9 {main}
"} 
[2025-08-15 22:03:40] local.ERROR: The C:\CRM\crm\bootstrap\cache directory must be present and writable. {"exception":"[object] (Exception(code: 0): The C:\\CRM\\crm\\bootstrap\\cache directory must be present and writable. at C:\\CRM\\crm\\vendor\\laravel\\framework\\src\\Illuminate\\Foundation\\PackageManifest.php:178)
[stacktrace]
#0 C:\\CRM\\crm\\vendor\\laravel\\framework\\src\\Illuminate\\Foundation\\PackageManifest.php(131): Illuminate\\Foundation\\PackageManifest->write(Array)
#1 C:\\CRM\\crm\\vendor\\laravel\\framework\\src\\Illuminate\\Foundation\\PackageManifest.php(107): Illuminate\\Foundation\\PackageManifest->build()
#2 C:\\CRM\\crm\\vendor\\laravel\\framework\\src\\Illuminate\\Foundation\\PackageManifest.php(90): Illuminate\\Foundation\\PackageManifest->getManifest()
#3 C:\\CRM\\crm\\vendor\\laravel\\framework\\src\\Illuminate\\Foundation\\PackageManifest.php(79): Illuminate\\Foundation\\PackageManifest->config('aliases')
#4 C:\\CRM\\crm\\vendor\\laravel\\framework\\src\\Illuminate\\Foundation\\Bootstrap\\RegisterFacades.php(26): Illuminate\\Foundation\\PackageManifest->aliases()
#5 C:\\CRM\\crm\\vendor\\laravel\\framework\\src\\Illuminate\\Foundation\\Application.php(286): Illuminate\\Foundation\\Bootstrap\\RegisterFacades->bootstrap(Object(Illuminate\\Foundation\\Application))
#6 C:\\CRM\\crm\\vendor\\laravel\\framework\\src\\Illuminate\\Foundation\\Console\\Kernel.php(447): Illuminate\\Foundation\\Application->bootstrapWith(Array)
#7 C:\\CRM\\crm\\vendor\\laravel\\framework\\src\\Illuminate\\Foundation\\Console\\Kernel.php(199): Illuminate\\Foundation\\Console\\Kernel->bootstrap()
#8 C:\\CRM\\crm\\artisan(35): Illuminate\\Foundation\\Console\\Kernel->handle(Object(Symfony\\Component\\Console\\Input\\ArgvInput), Object(Symfony\\Component\\Console\\Output\\ConsoleOutput))
#9 {main}
"} 
[2025-08-15 22:03:46] local.ERROR: The C:\CRM\crm\bootstrap\cache directory must be present and writable. {"exception":"[object] (Exception(code: 0): The C:\\CRM\\crm\\bootstrap\\cache directory must be present and writable. at C:\\CRM\\crm\\vendor\\laravel\\framework\\src\\Illuminate\\Foundation\\PackageManifest.php:178)
[stacktrace]
#0 C:\\CRM\\crm\\vendor\\laravel\\framework\\src\\Illuminate\\Foundation\\PackageManifest.php(131): Illuminate\\Foundation\\PackageManifest->write(Array)
#1 C:\\CRM\\crm\\vendor\\laravel\\framework\\src\\Illuminate\\Foundation\\PackageManifest.php(107): Illuminate\\Foundation\\PackageManifest->build()
#2 C:\\CRM\\crm\\vendor\\laravel\\framework\\src\\Illuminate\\Foundation\\PackageManifest.php(90): Illuminate\\Foundation\\PackageManifest->getManifest()
#3 C:\\CRM\\crm\\vendor\\laravel\\framework\\src\\Illuminate\\Foundation\\PackageManifest.php(79): Illuminate\\Foundation\\PackageManifest->config('aliases')
#4 C:\\CRM\\crm\\vendor\\laravel\\framework\\src\\Illuminate\\Foundation\\Bootstrap\\RegisterFacades.php(26): Illuminate\\Foundation\\PackageManifest->aliases()
#5 C:\\CRM\\crm\\vendor\\laravel\\framework\\src\\Illuminate\\Foundation\\Application.php(286): Illuminate\\Foundation\\Bootstrap\\RegisterFacades->bootstrap(Object(Illuminate\\Foundation\\Application))
#6 C:\\CRM\\crm\\vendor\\laravel\\framework\\src\\Illuminate\\Foundation\\Console\\Kernel.php(447): Illuminate\\Foundation\\Application->bootstrapWith(Array)
#7 C:\\CRM\\crm\\vendor\\laravel\\framework\\src\\Illuminate\\Foundation\\Console\\Kernel.php(199): Illuminate\\Foundation\\Console\\Kernel->bootstrap()
#8 C:\\CRM\\crm\\artisan(35): Illuminate\\Foundation\\Console\\Kernel->handle(Object(Symfony\\Component\\Console\\Input\\ArgvInput), Object(Symfony\\Component\\Console\\Output\\ConsoleOutput))
#9 {main}
"} 
[2025-08-15 23:45:21] local.ERROR: The C:\CRM\crm\bootstrap\cache directory must be present and writable. {"exception":"[object] (Exception(code: 0): The C:\\CRM\\crm\\bootstrap\\cache directory must be present and writable. at C:\\CRM\\crm\\vendor\\laravel\\framework\\src\\Illuminate\\Foundation\\PackageManifest.php:178)
[stacktrace]
#0 C:\\CRM\\crm\\vendor\\laravel\\framework\\src\\Illuminate\\Foundation\\PackageManifest.php(131): Illuminate\\Foundation\\PackageManifest->write(Array)
#1 C:\\CRM\\crm\\vendor\\laravel\\framework\\src\\Illuminate\\Foundation\\PackageManifest.php(107): Illuminate\\Foundation\\PackageManifest->build()
#2 C:\\CRM\\crm\\vendor\\laravel\\framework\\src\\Illuminate\\Foundation\\PackageManifest.php(90): Illuminate\\Foundation\\PackageManifest->getManifest()
#3 C:\\CRM\\crm\\vendor\\laravel\\framework\\src\\Illuminate\\Foundation\\PackageManifest.php(79): Illuminate\\Foundation\\PackageManifest->config('aliases')
#4 C:\\CRM\\crm\\vendor\\laravel\\framework\\src\\Illuminate\\Foundation\\Bootstrap\\RegisterFacades.php(26): Illuminate\\Foundation\\PackageManifest->aliases()
#5 C:\\CRM\\crm\\vendor\\laravel\\framework\\src\\Illuminate\\Foundation\\Application.php(286): Illuminate\\Foundation\\Bootstrap\\RegisterFacades->bootstrap(Object(Illuminate\\Foundation\\Application))
#6 C:\\CRM\\crm\\vendor\\laravel\\framework\\src\\Illuminate\\Foundation\\Console\\Kernel.php(447): Illuminate\\Foundation\\Application->bootstrapWith(Array)
#7 C:\\CRM\\crm\\vendor\\laravel\\framework\\src\\Illuminate\\Foundation\\Console\\Kernel.php(199): Illuminate\\Foundation\\Console\\Kernel->bootstrap()
#8 C:\\CRM\\crm\\artisan(35): Illuminate\\Foundation\\Console\\Kernel->handle(Object(Symfony\\Component\\Console\\Input\\ArgvInput), Object(Symfony\\Component\\Console\\Output\\ConsoleOutput))
#9 {main}
"} 
